TpTrace Verbose: 0 : 2244, 1, 2023/03/08, 03:59:34.384, 1930800886464, vstest.console.dll, Version: 17.5.0-release-20221220-01 Current process architecture: X64
TpTrace Verbose: 0 : 2244, 1, 2023/03/08, 03:59:34.386, 1930800899402, vstest.console.dll, Runtime location: C:\Program Files\dotnet\shared\Microsoft.NETCore.App\7.0.3
TpTrace Verbose: 0 : 2244, 1, 2023/03/08, 03:59:34.388, 1930800920364, vstest.console.dll, ArtifactProcessingPostProcessModeProcessorExecutor.Initialize: ArtifactProcessingMode.Collect
TpTrace Verbose: 0 : 2244, 1, 2023/03/08, 03:59:34.388, 1930800921084, vstest.console.dll, TestSessionCorrelationIdProcessorModeProcessorExecutor.Initialize: TestSessionCorrelationId '34756_9529010a-7f24-4bd1-a722-155bab66b7f0'
TpTrace Information: 0 : 2244, 1, 2023/03/08, 03:59:34.394, 1930800978015, vstest.console.dll, FilePatternParser: The given file D:\project\Git\ParanaBank\ParanaBank.Tests\bin\Debug\net6.0\fine-code-coverage\build-output\ParanaBank.Tests.dll is a full path.
TpTrace Verbose: 0 : 2244, 1, 2023/03/08, 03:59:34.399, 1930801034537, vstest.console.dll, TestPluginCache.DiscoverTestExtensions: finding test extensions in assemblies ends with: RuntimeProvider.dll TPluginInfo: Microsoft.VisualStudio.TestPlatform.Common.ExtensionFramework.Utilities.TestRuntimePluginInformation TExtension: Microsoft.VisualStudio.TestPlatform.ObjectModel.Host.ITestRuntimeProvider
TpTrace Verbose: 0 : 2244, 1, 2023/03/08, 03:59:34.400, 1930801037837, vstest.console.dll, TestPluginCache.GetExtensionPaths: Filtered extension paths: 
TpTrace Verbose: 0 : 2244, 1, 2023/03/08, 03:59:34.400, 1930801038528, vstest.console.dll, TestPluginCache.GetExtensionPaths: Added default extension paths: C:\Program Files\dotnet\sdk\7.0.200\Extensions\Microsoft.Diagnostics.NETCore.Client.dll
C:\Program Files\dotnet\sdk\7.0.200\Extensions\Microsoft.TestPlatform.Extensions.BlameDataCollector.dll
C:\Program Files\dotnet\sdk\7.0.200\Extensions\Microsoft.TestPlatform.Extensions.EventLogCollector.dll
C:\Program Files\dotnet\sdk\7.0.200\Extensions\Microsoft.TestPlatform.TestHostRuntimeProvider.dll
C:\Program Files\dotnet\sdk\7.0.200\Extensions\Microsoft.VisualStudio.TestPlatform.Extensions.Html.TestLogger.dll
C:\Program Files\dotnet\sdk\7.0.200\Extensions\Microsoft.VisualStudio.TestPlatform.Extensions.Trx.TestLogger.dll
TpTrace Verbose: 0 : 2244, 1, 2023/03/08, 03:59:34.400, 1930801038745, vstest.console.dll, TestPluginCache.GetExtensionPaths: Added unfilterableExtensionPaths: 
TpTrace Information: 0 : 2244, 1, 2023/03/08, 03:59:34.400, 1930801043483, vstest.console.dll, AssemblyResolver.ctor: Creating AssemblyResolver with searchDirectories C:\Program Files\dotnet\sdk\7.0.200\Extensions,C:\Program Files\dotnet\sdk\7.0.200
TpTrace Verbose: 0 : 2244, 1, 2023/03/08, 03:59:34.401, 1930801055311, vstest.console.dll, TestPluginCache.DiscoverTestExtensions: Discovering the extensions using extension path.
TpTrace Verbose: 0 : 2244, 1, 2023/03/08, 03:59:34.401, 1930801056064, vstest.console.dll, TestPluginCache.GetExtensionPaths: Filtered extension paths: 
TpTrace Verbose: 0 : 2244, 1, 2023/03/08, 03:59:34.401, 1930801056318, vstest.console.dll, TestPluginCache.GetExtensionPaths: Added default extension paths: C:\Program Files\dotnet\sdk\7.0.200\Extensions\Microsoft.Diagnostics.NETCore.Client.dll
C:\Program Files\dotnet\sdk\7.0.200\Extensions\Microsoft.TestPlatform.Extensions.BlameDataCollector.dll
C:\Program Files\dotnet\sdk\7.0.200\Extensions\Microsoft.TestPlatform.Extensions.EventLogCollector.dll
C:\Program Files\dotnet\sdk\7.0.200\Extensions\Microsoft.TestPlatform.TestHostRuntimeProvider.dll
C:\Program Files\dotnet\sdk\7.0.200\Extensions\Microsoft.VisualStudio.TestPlatform.Extensions.Html.TestLogger.dll
C:\Program Files\dotnet\sdk\7.0.200\Extensions\Microsoft.VisualStudio.TestPlatform.Extensions.Trx.TestLogger.dll
TpTrace Verbose: 0 : 2244, 1, 2023/03/08, 03:59:34.401, 1930801056500, vstest.console.dll, TestPluginCache.GetExtensionPaths: Added unfilterableExtensionPaths: 
TpTrace Verbose: 0 : 2244, 1, 2023/03/08, 03:59:34.402, 1930801057101, vstest.console.dll, TestPluginCache.DiscoverTestExtensions: Discovering the extensions using allExtensionPaths: C:\Program Files\dotnet\sdk\7.0.200\Extensions\Microsoft.Diagnostics.NETCore.Client.dll
C:\Program Files\dotnet\sdk\7.0.200\Extensions\Microsoft.TestPlatform.Extensions.BlameDataCollector.dll
C:\Program Files\dotnet\sdk\7.0.200\Extensions\Microsoft.TestPlatform.Extensions.EventLogCollector.dll
C:\Program Files\dotnet\sdk\7.0.200\Extensions\Microsoft.TestPlatform.TestHostRuntimeProvider.dll
C:\Program Files\dotnet\sdk\7.0.200\Extensions\Microsoft.VisualStudio.TestPlatform.Extensions.Html.TestLogger.dll
C:\Program Files\dotnet\sdk\7.0.200\Extensions\Microsoft.VisualStudio.TestPlatform.Extensions.Trx.TestLogger.dll
TpTrace Information: 0 : 2244, 1, 2023/03/08, 03:59:34.402, 1930801058396, vstest.console.dll, AssemblyResolver.AddSearchDirectories: Adding more searchDirectories C:\Program Files\dotnet\sdk\7.0.200\Extensions,C:\Program Files\dotnet\sdk\7.0.200
TpTrace Information: 0 : 2244, 1, 2023/03/08, 03:59:34.402, 1930801058847, vstest.console.dll, AssemblyResolver.AddSearchDirectories: Adding more searchDirectories C:\Program Files\dotnet\sdk\7.0.200\Extensions,C:\Program Files\dotnet\sdk\7.0.200
TpTrace Information: 0 : 2244, 1, 2023/03/08, 03:59:34.402, 1930801059090, vstest.console.dll, AssemblyResolver.AddSearchDirectories: Adding more searchDirectories C:\Program Files\dotnet\sdk\7.0.200\Extensions,C:\Program Files\dotnet\sdk\7.0.200
TpTrace Information: 0 : 2244, 1, 2023/03/08, 03:59:34.402, 1930801059265, vstest.console.dll, AssemblyResolver.AddSearchDirectories: Adding more searchDirectories C:\Program Files\dotnet\sdk\7.0.200\Extensions,C:\Program Files\dotnet\sdk\7.0.200
TpTrace Information: 0 : 2244, 1, 2023/03/08, 03:59:34.402, 1930801059430, vstest.console.dll, AssemblyResolver.AddSearchDirectories: Adding more searchDirectories C:\Program Files\dotnet\sdk\7.0.200\Extensions,C:\Program Files\dotnet\sdk\7.0.200
TpTrace Information: 0 : 2244, 1, 2023/03/08, 03:59:34.402, 1930801059620, vstest.console.dll, AssemblyResolver.AddSearchDirectories: Adding more searchDirectories C:\Program Files\dotnet\sdk\7.0.200\Extensions,C:\Program Files\dotnet\sdk\7.0.200
TpTrace Information: 0 : 2244, 1, 2023/03/08, 03:59:34.402, 1930801062378, vstest.console.dll, AssemblyResolver.OnResolve: Microsoft.Diagnostics.NETCore.Client: Resolving assembly.
TpTrace Information: 0 : 2244, 1, 2023/03/08, 03:59:34.402, 1930801063018, vstest.console.dll, AssemblyResolver.OnResolve: Microsoft.Diagnostics.NETCore.Client: Searching in: 'C:\Program Files\dotnet\sdk\7.0.200\Extensions'.
TpTrace Information: 0 : 2244, 1, 2023/03/08, 03:59:34.408, 1930801126834, vstest.console.dll, AssemblyResolver.OnResolve: Microsoft.Diagnostics.NETCore.Client: Loading assembly 'C:\Program Files\dotnet\sdk\7.0.200\Extensions\Microsoft.Diagnostics.NETCore.Client.dll'.
TpTrace Information: 0 : 2244, 1, 2023/03/08, 03:59:34.409, 1930801134633, vstest.console.dll, AssemblyResolver.OnResolve: Resolved assembly: Microsoft.Diagnostics.NETCore.Client, from path: C:\Program Files\dotnet\sdk\7.0.200\Extensions\Microsoft.Diagnostics.NETCore.Client.dll
TpTrace Verbose: 0 : 2244, 1, 2023/03/08, 03:59:34.410, 1930801145833, vstest.console.dll, MetadataReaderExtensionsHelper: Discovering extensions inside assembly 'Microsoft.Diagnostics.NETCore.Client, Version=0.2.6.42401, Culture=neutral, PublicKeyToken=31bf3856ad364e35' file path 'C:\Program Files\dotnet\sdk\7.0.200\Extensions\Microsoft.Diagnostics.NETCore.Client.dll'
TpTrace Information: 0 : 2244, 1, 2023/03/08, 03:59:34.417, 1930801209658, vstest.console.dll, AssemblyResolver.OnResolve: Microsoft.Bcl.AsyncInterfaces: Resolving assembly.
TpTrace Information: 0 : 2244, 1, 2023/03/08, 03:59:34.417, 1930801211207, vstest.console.dll, AssemblyResolver.OnResolve: Microsoft.Bcl.AsyncInterfaces: Searching in: 'C:\Program Files\dotnet\sdk\7.0.200\Extensions'.
TpTrace Information: 0 : 2244, 1, 2023/03/08, 03:59:34.417, 1930801212328, vstest.console.dll, AssemblyResolver.OnResolve: Microsoft.Bcl.AsyncInterfaces: Assembly path does not exist: 'C:\Program Files\dotnet\sdk\7.0.200\Extensions\Microsoft.Bcl.AsyncInterfaces.dll', returning.
TpTrace Information: 0 : 2244, 1, 2023/03/08, 03:59:34.417, 1930801213657, vstest.console.dll, AssemblyResolver.OnResolve: Microsoft.Bcl.AsyncInterfaces: Assembly path does not exist: 'C:\Program Files\dotnet\sdk\7.0.200\Extensions\Microsoft.Bcl.AsyncInterfaces.exe', returning.
TpTrace Information: 0 : 2244, 1, 2023/03/08, 03:59:34.417, 1930801213990, vstest.console.dll, AssemblyResolver.OnResolve: Microsoft.Bcl.AsyncInterfaces: Searching in: 'C:\Program Files\dotnet\sdk\7.0.200'.
TpTrace Information: 0 : 2244, 1, 2023/03/08, 03:59:34.417, 1930801214628, vstest.console.dll, AssemblyResolver.OnResolve: Microsoft.Bcl.AsyncInterfaces: Assembly path does not exist: 'C:\Program Files\dotnet\sdk\7.0.200\Microsoft.Bcl.AsyncInterfaces.dll', returning.
TpTrace Information: 0 : 2244, 1, 2023/03/08, 03:59:34.417, 1930801215173, vstest.console.dll, AssemblyResolver.OnResolve: Microsoft.Bcl.AsyncInterfaces: Assembly path does not exist: 'C:\Program Files\dotnet\sdk\7.0.200\Microsoft.Bcl.AsyncInterfaces.exe', returning.
TpTrace Information: 0 : 2244, 1, 2023/03/08, 03:59:34.417, 1930801215459, vstest.console.dll, AssemblyResolver.OnResolve: Microsoft.Bcl.AsyncInterfaces: Failed to load assembly.
TpTrace Verbose: 0 : 2244, 1, 2023/03/08, 03:59:34.417, 1930801215795, vstest.console.dll, CurrentDomainAssemblyResolve: Resolving assembly 'Microsoft.Bcl.AsyncInterfaces'.
TpTrace Information: 0 : 2244, 1, 2023/03/08, 03:59:34.417, 1930801216395, vstest.console.dll, AssemblyResolver.OnResolve: Microsoft.Bcl.AsyncInterfaces: Resolving assembly.
TpTrace Information: 0 : 2244, 1, 2023/03/08, 03:59:34.417, 1930801216771, vstest.console.dll, AssemblyResolver.OnResolve: Microsoft.Bcl.AsyncInterfaces: Resolved from cache.
TpTrace Verbose: 0 : 2244, 1, 2023/03/08, 03:59:34.418, 1930801217018, vstest.console.dll, CurrentDomainAssemblyResolve: Resolving assembly 'Microsoft.Bcl.AsyncInterfaces'.
TpTrace Verbose: 0 : 2244, 1, 2023/03/08, 03:59:34.418, 1930801217389, vstest.console.dll, CurrentDomainAssemblyResolve: Failed to resolve assembly 'Microsoft.Bcl.AsyncInterfaces'.
TpTrace Verbose: 0 : 2244, 1, 2023/03/08, 03:59:34.418, 1930801226732, vstest.console.dll, CurrentDomainAssemblyResolve: Failed to resolve assembly 'Microsoft.Bcl.AsyncInterfaces'.
TpTrace Warning: 0 : 2244, 1, 2023/03/08, 03:59:34.424, 1930801286490, vstest.console.dll, TestPluginDiscoverer: Failed to get types from assembly 'Microsoft.Diagnostics.NETCore.Client, Version=0.2.6.42401, Culture=neutral, PublicKeyToken=31bf3856ad364e35'. Error: System.Reflection.ReflectionTypeLoadException: Unable to load one or more of the requested types.
Could not load file or assembly 'Microsoft.Bcl.AsyncInterfaces, Version=1.0.0.0, Culture=neutral, PublicKeyToken=cc7b13ffcd2ddd51'. O sistema não pode encontrar o arquivo especificado.
   at System.Reflection.RuntimeModule.GetTypes(RuntimeModule module)
   at System.Reflection.Assembly.GetTypes()
   at Microsoft.VisualStudio.TestPlatform.Common.ExtensionFramework.TestPluginDiscoverer.GetTestExtensionsFromAssembly[TPluginInfo,TExtension](Assembly assembly, Dictionary`2 pluginInfos, String filePath)
System.IO.FileNotFoundException: Could not load file or assembly 'Microsoft.Bcl.AsyncInterfaces, Version=1.0.0.0, Culture=neutral, PublicKeyToken=cc7b13ffcd2ddd51'. O sistema não pode encontrar o arquivo especificado.
File name: 'Microsoft.Bcl.AsyncInterfaces, Version=1.0.0.0, Culture=neutral, PublicKeyToken=cc7b13ffcd2ddd51'
 ---> System.IO.FileNotFoundException: Could not load file or assembly 'Microsoft.Bcl.AsyncInterfaces, Culture=neutral, PublicKeyToken=null'. O sistema não pode encontrar o arquivo especificado.
File name: 'Microsoft.Bcl.AsyncInterfaces, Culture=neutral, PublicKeyToken=null'
   at System.Reflection.RuntimeAssembly.InternalLoad(AssemblyName assemblyName, StackCrawlMark& stackMark, AssemblyLoadContext assemblyLoadContext, RuntimeAssembly requestingAssembly, Boolean throwOnFileNotFound)
   at System.Reflection.Assembly.Load(AssemblyName assemblyRef)
   at Microsoft.VisualStudio.TestPlatform.Common.ExtensionFramework.TestPluginCache.CurrentDomainAssemblyResolve(Object sender, AssemblyResolveEventArgs args)
   at System.Runtime.Loader.AssemblyLoadContext.GetFirstResolvedAssemblyFromResolvingEvent(AssemblyName assemblyName)
   at System.Runtime.Loader.AssemblyLoadContext.ResolveUsingEvent(AssemblyName assemblyName)
   at System.Runtime.Loader.AssemblyLoadContext.ResolveUsingResolvingEvent(IntPtr gchManagedAssemblyLoadContext, AssemblyName assemblyName)
TpTrace Warning: 0 : 2244, 1, 2023/03/08, 03:59:34.425, 1930801289545, vstest.console.dll, LoaderExceptions: System.IO.FileNotFoundException: Could not load file or assembly 'Microsoft.Bcl.AsyncInterfaces, Version=1.0.0.0, Culture=neutral, PublicKeyToken=cc7b13ffcd2ddd51'. O sistema não pode encontrar o arquivo especificado.
File name: 'Microsoft.Bcl.AsyncInterfaces, Version=1.0.0.0, Culture=neutral, PublicKeyToken=cc7b13ffcd2ddd51'
 ---> System.IO.FileNotFoundException: Could not load file or assembly 'Microsoft.Bcl.AsyncInterfaces, Culture=neutral, PublicKeyToken=null'. O sistema não pode encontrar o arquivo especificado.
File name: 'Microsoft.Bcl.AsyncInterfaces, Culture=neutral, PublicKeyToken=null'
   at System.Reflection.RuntimeAssembly.InternalLoad(AssemblyName assemblyName, StackCrawlMark& stackMark, AssemblyLoadContext assemblyLoadContext, RuntimeAssembly requestingAssembly, Boolean throwOnFileNotFound)
   at System.Reflection.Assembly.Load(AssemblyName assemblyRef)
   at Microsoft.VisualStudio.TestPlatform.Common.ExtensionFramework.TestPluginCache.CurrentDomainAssemblyResolve(Object sender, AssemblyResolveEventArgs args)
   at System.Runtime.Loader.AssemblyLoadContext.GetFirstResolvedAssemblyFromResolvingEvent(AssemblyName assemblyName)
   at System.Runtime.Loader.AssemblyLoadContext.ResolveUsingEvent(AssemblyName assemblyName)
   at System.Runtime.Loader.AssemblyLoadContext.ResolveUsingResolvingEvent(IntPtr gchManagedAssemblyLoadContext, AssemblyName assemblyName)
TpTrace Information: 0 : 2244, 1, 2023/03/08, 03:59:34.425, 1930801290816, vstest.console.dll, AssemblyResolver.OnResolve: Microsoft.TestPlatform.Extensions.BlameDataCollector: Resolving assembly.
TpTrace Information: 0 : 2244, 1, 2023/03/08, 03:59:34.425, 1930801291218, vstest.console.dll, AssemblyResolver.OnResolve: Microsoft.TestPlatform.Extensions.BlameDataCollector: Searching in: 'C:\Program Files\dotnet\sdk\7.0.200\Extensions'.
TpTrace Information: 0 : 2244, 1, 2023/03/08, 03:59:34.425, 1930801295210, vstest.console.dll, AssemblyResolver.OnResolve: Microsoft.TestPlatform.Extensions.BlameDataCollector: Loading assembly 'C:\Program Files\dotnet\sdk\7.0.200\Extensions\Microsoft.TestPlatform.Extensions.BlameDataCollector.dll'.
TpTrace Information: 0 : 2244, 1, 2023/03/08, 03:59:34.426, 1930801300205, vstest.console.dll, AssemblyResolver.OnResolve: Resolved assembly: Microsoft.TestPlatform.Extensions.BlameDataCollector, from path: C:\Program Files\dotnet\sdk\7.0.200\Extensions\Microsoft.TestPlatform.Extensions.BlameDataCollector.dll
TpTrace Verbose: 0 : 2244, 1, 2023/03/08, 03:59:34.426, 1930801301293, vstest.console.dll, MetadataReaderExtensionsHelper: Discovering extensions inside assembly 'Microsoft.TestPlatform.Extensions.BlameDataCollector, Version=15.0.0.0, Culture=neutral, PublicKeyToken=b03f5f7f11d50a3a' file path 'C:\Program Files\dotnet\sdk\7.0.200\Extensions\Microsoft.TestPlatform.Extensions.BlameDataCollector.dll'
TpTrace Information: 0 : 2244, 1, 2023/03/08, 03:59:34.427, 1930801314577, vstest.console.dll, AssemblyResolver.OnResolve: Microsoft.TestPlatform.Extensions.EventLogCollector: Resolving assembly.
TpTrace Information: 0 : 2244, 1, 2023/03/08, 03:59:34.427, 1930801315146, vstest.console.dll, AssemblyResolver.OnResolve: Microsoft.TestPlatform.Extensions.EventLogCollector: Searching in: 'C:\Program Files\dotnet\sdk\7.0.200\Extensions'.
TpTrace Information: 0 : 2244, 1, 2023/03/08, 03:59:34.428, 1930801318408, vstest.console.dll, AssemblyResolver.OnResolve: Microsoft.TestPlatform.Extensions.EventLogCollector: Loading assembly 'C:\Program Files\dotnet\sdk\7.0.200\Extensions\Microsoft.TestPlatform.Extensions.EventLogCollector.dll'.
TpTrace Information: 0 : 2244, 1, 2023/03/08, 03:59:34.428, 1930801322835, vstest.console.dll, AssemblyResolver.OnResolve: Resolved assembly: Microsoft.TestPlatform.Extensions.EventLogCollector, from path: C:\Program Files\dotnet\sdk\7.0.200\Extensions\Microsoft.TestPlatform.Extensions.EventLogCollector.dll
TpTrace Verbose: 0 : 2244, 1, 2023/03/08, 03:59:34.428, 1930801323320, vstest.console.dll, MetadataReaderExtensionsHelper: Discovering extensions inside assembly 'Microsoft.TestPlatform.Extensions.EventLogCollector, Version=15.0.0.0, Culture=neutral, PublicKeyToken=b03f5f7f11d50a3a' file path 'C:\Program Files\dotnet\sdk\7.0.200\Extensions\Microsoft.TestPlatform.Extensions.EventLogCollector.dll'
TpTrace Information: 0 : 2244, 1, 2023/03/08, 03:59:34.432, 1930801365783, vstest.console.dll, AssemblyResolver.OnResolve: Microsoft.TestPlatform.TestHostRuntimeProvider: Resolving assembly.
TpTrace Information: 0 : 2244, 1, 2023/03/08, 03:59:34.433, 1930801368004, vstest.console.dll, AssemblyResolver.OnResolve: Microsoft.TestPlatform.TestHostRuntimeProvider: Searching in: 'C:\Program Files\dotnet\sdk\7.0.200\Extensions'.
TpTrace Information: 0 : 2244, 1, 2023/03/08, 03:59:34.433, 1930801374623, vstest.console.dll, AssemblyResolver.OnResolve: Microsoft.TestPlatform.TestHostRuntimeProvider: Loading assembly 'C:\Program Files\dotnet\sdk\7.0.200\Extensions\Microsoft.TestPlatform.TestHostRuntimeProvider.dll'.
TpTrace Information: 0 : 2244, 1, 2023/03/08, 03:59:34.434, 1930801380770, vstest.console.dll, AssemblyResolver.OnResolve: Resolved assembly: Microsoft.TestPlatform.TestHostRuntimeProvider, from path: C:\Program Files\dotnet\sdk\7.0.200\Extensions\Microsoft.TestPlatform.TestHostRuntimeProvider.dll
TpTrace Verbose: 0 : 2244, 1, 2023/03/08, 03:59:34.434, 1930801381334, vstest.console.dll, MetadataReaderExtensionsHelper: Discovering extensions inside assembly 'Microsoft.TestPlatform.TestHostRuntimeProvider, Version=15.0.0.0, Culture=neutral, PublicKeyToken=b03f5f7f11d50a3a' file path 'C:\Program Files\dotnet\sdk\7.0.200\Extensions\Microsoft.TestPlatform.TestHostRuntimeProvider.dll'
TpTrace Information: 0 : 2244, 1, 2023/03/08, 03:59:34.436, 1930801397901, vstest.console.dll, GetTestExtensionFromType: Register extension with identifier data 'HostProvider://DefaultTestHost' and type 'Microsoft.VisualStudio.TestPlatform.CrossPlatEngine.Hosting.DefaultTestHostManager, Microsoft.TestPlatform.TestHostRuntimeProvider, Version=15.0.0.0, Culture=neutral, PublicKeyToken=b03f5f7f11d50a3a' inside file 'C:\Program Files\dotnet\sdk\7.0.200\Extensions\Microsoft.TestPlatform.TestHostRuntimeProvider.dll'
TpTrace Information: 0 : 2244, 1, 2023/03/08, 03:59:34.436, 1930801399635, vstest.console.dll, GetTestExtensionFromType: Register extension with identifier data 'HostProvider://DotnetTestHost' and type 'Microsoft.VisualStudio.TestPlatform.CrossPlatEngine.Hosting.DotnetTestHostManager, Microsoft.TestPlatform.TestHostRuntimeProvider, Version=15.0.0.0, Culture=neutral, PublicKeyToken=b03f5f7f11d50a3a' inside file 'C:\Program Files\dotnet\sdk\7.0.200\Extensions\Microsoft.TestPlatform.TestHostRuntimeProvider.dll'
TpTrace Information: 0 : 2244, 1, 2023/03/08, 03:59:34.436, 1930801400228, vstest.console.dll, AssemblyResolver.OnResolve: Microsoft.VisualStudio.TestPlatform.Extensions.Html.TestLogger: Resolving assembly.
TpTrace Information: 0 : 2244, 1, 2023/03/08, 03:59:34.436, 1930801400628, vstest.console.dll, AssemblyResolver.OnResolve: Microsoft.VisualStudio.TestPlatform.Extensions.Html.TestLogger: Searching in: 'C:\Program Files\dotnet\sdk\7.0.200\Extensions'.
TpTrace Information: 0 : 2244, 1, 2023/03/08, 03:59:34.436, 1930801403929, vstest.console.dll, AssemblyResolver.OnResolve: Microsoft.VisualStudio.TestPlatform.Extensions.Html.TestLogger: Loading assembly 'C:\Program Files\dotnet\sdk\7.0.200\Extensions\Microsoft.VisualStudio.TestPlatform.Extensions.Html.TestLogger.dll'.
TpTrace Information: 0 : 2244, 1, 2023/03/08, 03:59:34.437, 1930801408689, vstest.console.dll, AssemblyResolver.OnResolve: Resolved assembly: Microsoft.VisualStudio.TestPlatform.Extensions.Html.TestLogger, from path: C:\Program Files\dotnet\sdk\7.0.200\Extensions\Microsoft.VisualStudio.TestPlatform.Extensions.Html.TestLogger.dll
TpTrace Verbose: 0 : 2244, 1, 2023/03/08, 03:59:34.437, 1930801409192, vstest.console.dll, MetadataReaderExtensionsHelper: Discovering extensions inside assembly 'Microsoft.VisualStudio.TestPlatform.Extensions.Html.TestLogger, Version=15.0.0.0, Culture=neutral, PublicKeyToken=b03f5f7f11d50a3a' file path 'C:\Program Files\dotnet\sdk\7.0.200\Extensions\Microsoft.VisualStudio.TestPlatform.Extensions.Html.TestLogger.dll'
TpTrace Information: 0 : 2244, 1, 2023/03/08, 03:59:34.437, 1930801416417, vstest.console.dll, AssemblyResolver.OnResolve: Microsoft.VisualStudio.TestPlatform.Extensions.Trx.TestLogger: Resolving assembly.
TpTrace Information: 0 : 2244, 1, 2023/03/08, 03:59:34.438, 1930801417215, vstest.console.dll, AssemblyResolver.OnResolve: Microsoft.VisualStudio.TestPlatform.Extensions.Trx.TestLogger: Searching in: 'C:\Program Files\dotnet\sdk\7.0.200\Extensions'.
TpTrace Information: 0 : 2244, 1, 2023/03/08, 03:59:34.438, 1930801420461, vstest.console.dll, AssemblyResolver.OnResolve: Microsoft.VisualStudio.TestPlatform.Extensions.Trx.TestLogger: Loading assembly 'C:\Program Files\dotnet\sdk\7.0.200\Extensions\Microsoft.VisualStudio.TestPlatform.Extensions.Trx.TestLogger.dll'.
TpTrace Information: 0 : 2244, 1, 2023/03/08, 03:59:34.438, 1930801425620, vstest.console.dll, AssemblyResolver.OnResolve: Resolved assembly: Microsoft.VisualStudio.TestPlatform.Extensions.Trx.TestLogger, from path: C:\Program Files\dotnet\sdk\7.0.200\Extensions\Microsoft.VisualStudio.TestPlatform.Extensions.Trx.TestLogger.dll
TpTrace Verbose: 0 : 2244, 1, 2023/03/08, 03:59:34.438, 1930801426166, vstest.console.dll, MetadataReaderExtensionsHelper: Discovering extensions inside assembly 'Microsoft.VisualStudio.TestPlatform.Extensions.Trx.TestLogger, Version=15.0.0.0, Culture=neutral, PublicKeyToken=b03f5f7f11d50a3a' file path 'C:\Program Files\dotnet\sdk\7.0.200\Extensions\Microsoft.VisualStudio.TestPlatform.Extensions.Trx.TestLogger.dll'
TpTrace Verbose: 0 : 2244, 1, 2023/03/08, 03:59:34.439, 1930801436842, vstest.console.dll, TestPluginCache: Discovered the extensions using extension path ''.
TpTrace Verbose: 0 : 2244, 1, 2023/03/08, 03:59:34.440, 1930801437317, vstest.console.dll, TestPluginCache: Discoverers are ''.
TpTrace Verbose: 0 : 2244, 1, 2023/03/08, 03:59:34.440, 1930801437533, vstest.console.dll, TestPluginCache: Executors are ''.
TpTrace Verbose: 0 : 2244, 1, 2023/03/08, 03:59:34.440, 1930801437688, vstest.console.dll, TestPluginCache: Executors2 are ''.
TpTrace Verbose: 0 : 2244, 1, 2023/03/08, 03:59:34.440, 1930801437834, vstest.console.dll, TestPluginCache: Setting providers are ''.
TpTrace Verbose: 0 : 2244, 1, 2023/03/08, 03:59:34.440, 1930801437977, vstest.console.dll, TestPluginCache: Loggers are ''.
TpTrace Verbose: 0 : 2244, 1, 2023/03/08, 03:59:34.440, 1930801438862, vstest.console.dll, TestPluginCache: TestHosts are 'HostProvider://DefaultTestHost,HostProvider://DotnetTestHost'.
TpTrace Verbose: 0 : 2244, 1, 2023/03/08, 03:59:34.440, 1930801439105, vstest.console.dll, TestPluginCache: DataCollectors are ''.
TpTrace Information: 0 : 2244, 1, 2023/03/08, 03:59:34.449, 1930801535328, vstest.console.dll, RunTestsArgumentProcessor:Execute: Test run is starting.
TpTrace Verbose: 0 : 2244, 1, 2023/03/08, 03:59:34.449, 1930801536873, vstest.console.dll, RunTestsArgumentProcessor:Execute: Queuing Test run.
TpTrace Information: 0 : 2244, 1, 2023/03/08, 03:59:34.450, 1930801539626, vstest.console.dll, TestRequestManager.RunTests: run tests started.
TpTrace Information: 0 : 2244, 1, 2023/03/08, 03:59:34.451, 1930801551664, vstest.console.dll, AssemblyMetadataProvider.GetFrameworkName: Determined framework:'.NETCoreApp,Version=v6.0' for source: 'D:\project\Git\ParanaBank\ParanaBank.Tests\bin\Debug\net6.0\fine-code-coverage\build-output\ParanaBank.Tests.dll'
TpTrace Information: 0 : 2244, 1, 2023/03/08, 03:59:34.451, 1930801552710, vstest.console.dll, Determined framework for all sources: .NETCoreApp,Version=v6.0
TpTrace Verbose: 0 : 2244, 1, 2023/03/08, 03:59:34.451, 1930801555489, vstest.console.dll, TestRequestManager.UpdateRunSettingsIfRequired: Default architecture: X64 IsDefaultTargetArchitecture: True, Current process architecture: X64 OperatingSystem: Windows.
TpTrace Information: 0 : 2244, 1, 2023/03/08, 03:59:34.453, 1930801568931, vstest.console.dll, AssemblyMetadataProvider.GetArchitecture: Determined architecture:AnyCPU info for assembly: D:\project\Git\ParanaBank\ParanaBank.Tests\bin\Debug\net6.0\fine-code-coverage\build-output\ParanaBank.Tests.dll
TpTrace Information: 0 : 2244, 1, 2023/03/08, 03:59:34.453, 1930801569294, vstest.console.dll, Determined platform for source 'D:\project\Git\ParanaBank\ParanaBank.Tests\bin\Debug\net6.0\fine-code-coverage\build-output\ParanaBank.Tests.dll' was AnyCPU and it will use the default plaform X64.
TpTrace Information: 0 : 2244, 1, 2023/03/08, 03:59:34.453, 1930801569477, vstest.console.dll, None of the sources provided any runnable platform, using the default platform: X64
TpTrace Information: 0 : 2244, 1, 2023/03/08, 03:59:34.453, 1930801569998, vstest.console.dll, Platform was updated to 'X64'.
TpTrace Information: 0 : 2244, 1, 2023/03/08, 03:59:34.455, 1930801592975, vstest.console.dll, InferRunSettingsHelper.IsTestSettingsEnabled: Unable to navigate to RunSettings/MSTest. Current node: RunSettings
TpTrace Information: 0 : 2244, 1, 2023/03/08, 03:59:34.456, 1930801597086, vstest.console.dll, AssemblyResolver.OnResolve: Microsoft.VisualStudio.TestPlatform.Fakes: Resolving assembly.
TpTrace Information: 0 : 2244, 1, 2023/03/08, 03:59:34.456, 1930801597607, vstest.console.dll, AssemblyResolver.OnResolve: Microsoft.VisualStudio.TestPlatform.Fakes: Searching in: 'C:\Program Files\dotnet\sdk\7.0.200\Extensions'.
TpTrace Information: 0 : 2244, 1, 2023/03/08, 03:59:34.456, 1930801598426, vstest.console.dll, AssemblyResolver.OnResolve: Microsoft.VisualStudio.TestPlatform.Fakes: Assembly path does not exist: 'C:\Program Files\dotnet\sdk\7.0.200\Extensions\Microsoft.VisualStudio.TestPlatform.Fakes.dll', returning.
TpTrace Information: 0 : 2244, 1, 2023/03/08, 03:59:34.456, 1930801598882, vstest.console.dll, AssemblyResolver.OnResolve: Microsoft.VisualStudio.TestPlatform.Fakes: Assembly path does not exist: 'C:\Program Files\dotnet\sdk\7.0.200\Extensions\Microsoft.VisualStudio.TestPlatform.Fakes.exe', returning.
TpTrace Information: 0 : 2244, 1, 2023/03/08, 03:59:34.456, 1930801599058, vstest.console.dll, AssemblyResolver.OnResolve: Microsoft.VisualStudio.TestPlatform.Fakes: Searching in: 'C:\Program Files\dotnet\sdk\7.0.200'.
TpTrace Information: 0 : 2244, 1, 2023/03/08, 03:59:34.456, 1930801599508, vstest.console.dll, AssemblyResolver.OnResolve: Microsoft.VisualStudio.TestPlatform.Fakes: Assembly path does not exist: 'C:\Program Files\dotnet\sdk\7.0.200\Microsoft.VisualStudio.TestPlatform.Fakes.dll', returning.
TpTrace Information: 0 : 2244, 1, 2023/03/08, 03:59:34.456, 1930801599894, vstest.console.dll, AssemblyResolver.OnResolve: Microsoft.VisualStudio.TestPlatform.Fakes: Assembly path does not exist: 'C:\Program Files\dotnet\sdk\7.0.200\Microsoft.VisualStudio.TestPlatform.Fakes.exe', returning.
TpTrace Information: 0 : 2244, 1, 2023/03/08, 03:59:34.456, 1930801600098, vstest.console.dll, AssemblyResolver.OnResolve: Microsoft.VisualStudio.TestPlatform.Fakes: Failed to load assembly.
TpTrace Information: 0 : 2244, 1, 2023/03/08, 03:59:34.456, 1930801602044, vstest.console.dll, Failed to load assembly Microsoft.VisualStudio.TestPlatform.Fakes, Version=17.0.0.0, Culture=neutral. Reason:System.IO.FileNotFoundException: Could not load file or assembly 'Microsoft.VisualStudio.TestPlatform.Fakes, Version=17.0.0.0, Culture=neutral, PublicKeyToken=null'. O sistema não pode encontrar o arquivo especificado.
File name: 'Microsoft.VisualStudio.TestPlatform.Fakes, Version=17.0.0.0, Culture=neutral, PublicKeyToken=null'
   at System.Reflection.RuntimeAssembly.InternalLoad(AssemblyName assemblyName, StackCrawlMark& stackMark, AssemblyLoadContext assemblyLoadContext, RuntimeAssembly requestingAssembly, Boolean throwOnFileNotFound)
   at System.Reflection.Assembly.Load(AssemblyName assemblyRef)
   at Microsoft.VisualStudio.TestPlatform.Common.Utilities.FakesUtilities.LoadTestPlatformAssembly()
TpTrace Verbose: 0 : 2244, 1, 2023/03/08, 03:59:34.458, 1930801624670, vstest.console.dll, TestPluginCache.DiscoverTestExtensions: finding test extensions in assemblies ends with: TestLogger.dll TPluginInfo: Microsoft.VisualStudio.TestPlatform.Common.ExtensionFramework.Utilities.TestLoggerPluginInformation TExtension: Microsoft.VisualStudio.TestPlatform.ObjectModel.Client.ITestLogger
TpTrace Verbose: 0 : 2244, 1, 2023/03/08, 03:59:34.458, 1930801625201, vstest.console.dll, TestPluginCache.GetExtensionPaths: Filtered extension paths: 
TpTrace Verbose: 0 : 2244, 1, 2023/03/08, 03:59:34.458, 1930801625418, vstest.console.dll, TestPluginCache.GetExtensionPaths: Added default extension paths: C:\Program Files\dotnet\sdk\7.0.200\Extensions\Microsoft.Diagnostics.NETCore.Client.dll
C:\Program Files\dotnet\sdk\7.0.200\Extensions\Microsoft.TestPlatform.Extensions.BlameDataCollector.dll
C:\Program Files\dotnet\sdk\7.0.200\Extensions\Microsoft.TestPlatform.Extensions.EventLogCollector.dll
C:\Program Files\dotnet\sdk\7.0.200\Extensions\Microsoft.TestPlatform.TestHostRuntimeProvider.dll
C:\Program Files\dotnet\sdk\7.0.200\Extensions\Microsoft.VisualStudio.TestPlatform.Extensions.Html.TestLogger.dll
C:\Program Files\dotnet\sdk\7.0.200\Extensions\Microsoft.VisualStudio.TestPlatform.Extensions.Trx.TestLogger.dll
TpTrace Verbose: 0 : 2244, 1, 2023/03/08, 03:59:34.458, 1930801625615, vstest.console.dll, TestPluginCache.GetExtensionPaths: Added unfilterableExtensionPaths: 
TpTrace Information: 0 : 2244, 1, 2023/03/08, 03:59:34.458, 1930801626467, vstest.console.dll, AssemblyResolver.AddSearchDirectories: Adding more searchDirectories C:\Program Files\dotnet\sdk\7.0.200\Extensions,C:\Program Files\dotnet\sdk\7.0.200
TpTrace Verbose: 0 : 2244, 1, 2023/03/08, 03:59:34.458, 1930801626729, vstest.console.dll, TestPluginCache.DiscoverTestExtensions: Discovering the extensions using extension path.
TpTrace Verbose: 0 : 2244, 1, 2023/03/08, 03:59:34.458, 1930801626920, vstest.console.dll, TestPluginCache.GetExtensionPaths: Filtered extension paths: 
TpTrace Verbose: 0 : 2244, 1, 2023/03/08, 03:59:34.459, 1930801627118, vstest.console.dll, TestPluginCache.GetExtensionPaths: Added default extension paths: C:\Program Files\dotnet\sdk\7.0.200\Extensions\Microsoft.Diagnostics.NETCore.Client.dll
C:\Program Files\dotnet\sdk\7.0.200\Extensions\Microsoft.TestPlatform.Extensions.BlameDataCollector.dll
C:\Program Files\dotnet\sdk\7.0.200\Extensions\Microsoft.TestPlatform.Extensions.EventLogCollector.dll
C:\Program Files\dotnet\sdk\7.0.200\Extensions\Microsoft.TestPlatform.TestHostRuntimeProvider.dll
C:\Program Files\dotnet\sdk\7.0.200\Extensions\Microsoft.VisualStudio.TestPlatform.Extensions.Html.TestLogger.dll
C:\Program Files\dotnet\sdk\7.0.200\Extensions\Microsoft.VisualStudio.TestPlatform.Extensions.Trx.TestLogger.dll
TpTrace Verbose: 0 : 2244, 1, 2023/03/08, 03:59:34.459, 1930801627287, vstest.console.dll, TestPluginCache.GetExtensionPaths: Added unfilterableExtensionPaths: 
TpTrace Verbose: 0 : 2244, 1, 2023/03/08, 03:59:34.459, 1930801627496, vstest.console.dll, TestPluginCache.DiscoverTestExtensions: Discovering the extensions using allExtensionPaths: C:\Program Files\dotnet\sdk\7.0.200\Extensions\Microsoft.Diagnostics.NETCore.Client.dll
C:\Program Files\dotnet\sdk\7.0.200\Extensions\Microsoft.TestPlatform.Extensions.BlameDataCollector.dll
C:\Program Files\dotnet\sdk\7.0.200\Extensions\Microsoft.TestPlatform.Extensions.EventLogCollector.dll
C:\Program Files\dotnet\sdk\7.0.200\Extensions\Microsoft.TestPlatform.TestHostRuntimeProvider.dll
C:\Program Files\dotnet\sdk\7.0.200\Extensions\Microsoft.VisualStudio.TestPlatform.Extensions.Html.TestLogger.dll
C:\Program Files\dotnet\sdk\7.0.200\Extensions\Microsoft.VisualStudio.TestPlatform.Extensions.Trx.TestLogger.dll
TpTrace Information: 0 : 2244, 1, 2023/03/08, 03:59:34.459, 1930801628261, vstest.console.dll, AssemblyResolver.AddSearchDirectories: Adding more searchDirectories C:\Program Files\dotnet\sdk\7.0.200\Extensions,C:\Program Files\dotnet\sdk\7.0.200
TpTrace Information: 0 : 2244, 1, 2023/03/08, 03:59:34.459, 1930801628512, vstest.console.dll, AssemblyResolver.AddSearchDirectories: Adding more searchDirectories C:\Program Files\dotnet\sdk\7.0.200\Extensions,C:\Program Files\dotnet\sdk\7.0.200
TpTrace Information: 0 : 2244, 1, 2023/03/08, 03:59:34.459, 1930801628682, vstest.console.dll, AssemblyResolver.AddSearchDirectories: Adding more searchDirectories C:\Program Files\dotnet\sdk\7.0.200\Extensions,C:\Program Files\dotnet\sdk\7.0.200
TpTrace Information: 0 : 2244, 1, 2023/03/08, 03:59:34.459, 1930801628847, vstest.console.dll, AssemblyResolver.AddSearchDirectories: Adding more searchDirectories C:\Program Files\dotnet\sdk\7.0.200\Extensions,C:\Program Files\dotnet\sdk\7.0.200
TpTrace Information: 0 : 2244, 1, 2023/03/08, 03:59:34.459, 1930801629067, vstest.console.dll, AssemblyResolver.AddSearchDirectories: Adding more searchDirectories C:\Program Files\dotnet\sdk\7.0.200\Extensions,C:\Program Files\dotnet\sdk\7.0.200
TpTrace Information: 0 : 2244, 1, 2023/03/08, 03:59:34.459, 1930801629252, vstest.console.dll, AssemblyResolver.AddSearchDirectories: Adding more searchDirectories C:\Program Files\dotnet\sdk\7.0.200\Extensions,C:\Program Files\dotnet\sdk\7.0.200
TpTrace Verbose: 0 : 2244, 1, 2023/03/08, 03:59:34.459, 1930801629929, vstest.console.dll, MetadataReaderExtensionsHelper: Discovering extensions inside assembly 'Microsoft.Diagnostics.NETCore.Client, Version=0.2.6.42401, Culture=neutral, PublicKeyToken=31bf3856ad364e35' file path 'C:\Program Files\dotnet\sdk\7.0.200\Extensions\Microsoft.Diagnostics.NETCore.Client.dll'
TpTrace Information: 0 : 2244, 1, 2023/03/08, 03:59:34.460, 1930801639119, vstest.console.dll, AssemblyResolver.OnResolve: Microsoft.Bcl.AsyncInterfaces: Resolving assembly.
TpTrace Information: 0 : 2244, 1, 2023/03/08, 03:59:34.460, 1930801639487, vstest.console.dll, AssemblyResolver.OnResolve: Microsoft.Bcl.AsyncInterfaces: Resolved from cache.
TpTrace Verbose: 0 : 2244, 1, 2023/03/08, 03:59:34.460, 1930801639664, vstest.console.dll, CurrentDomainAssemblyResolve: Resolving assembly 'Microsoft.Bcl.AsyncInterfaces'.
TpTrace Information: 0 : 2244, 1, 2023/03/08, 03:59:34.460, 1930801639953, vstest.console.dll, AssemblyResolver.OnResolve: Microsoft.Bcl.AsyncInterfaces: Resolving assembly.
TpTrace Information: 0 : 2244, 1, 2023/03/08, 03:59:34.460, 1930801640140, vstest.console.dll, AssemblyResolver.OnResolve: Microsoft.Bcl.AsyncInterfaces: Resolved from cache.
TpTrace Verbose: 0 : 2244, 1, 2023/03/08, 03:59:34.460, 1930801640293, vstest.console.dll, CurrentDomainAssemblyResolve: Resolving assembly 'Microsoft.Bcl.AsyncInterfaces'.
TpTrace Verbose: 0 : 2244, 1, 2023/03/08, 03:59:34.460, 1930801640446, vstest.console.dll, CurrentDomainAssemblyResolve: Failed to resolve assembly 'Microsoft.Bcl.AsyncInterfaces'.
TpTrace Verbose: 0 : 2244, 1, 2023/03/08, 03:59:34.460, 1930801641551, vstest.console.dll, CurrentDomainAssemblyResolve: Failed to resolve assembly 'Microsoft.Bcl.AsyncInterfaces'.
TpTrace Warning: 0 : 2244, 1, 2023/03/08, 03:59:34.460, 1930801643961, vstest.console.dll, TestPluginDiscoverer: Failed to get types from assembly 'Microsoft.Diagnostics.NETCore.Client, Version=0.2.6.42401, Culture=neutral, PublicKeyToken=31bf3856ad364e35'. Error: System.Reflection.ReflectionTypeLoadException: Unable to load one or more of the requested types.
Could not load file or assembly 'Microsoft.Bcl.AsyncInterfaces, Version=1.0.0.0, Culture=neutral, PublicKeyToken=cc7b13ffcd2ddd51'. O sistema não pode encontrar o arquivo especificado.
   at System.Reflection.RuntimeModule.GetTypes(RuntimeModule module)
   at System.Reflection.Assembly.GetTypes()
   at Microsoft.VisualStudio.TestPlatform.Common.ExtensionFramework.TestPluginDiscoverer.GetTestExtensionsFromAssembly[TPluginInfo,TExtension](Assembly assembly, Dictionary`2 pluginInfos, String filePath)
System.IO.FileNotFoundException: Could not load file or assembly 'Microsoft.Bcl.AsyncInterfaces, Version=1.0.0.0, Culture=neutral, PublicKeyToken=cc7b13ffcd2ddd51'. O sistema não pode encontrar o arquivo especificado.
File name: 'Microsoft.Bcl.AsyncInterfaces, Version=1.0.0.0, Culture=neutral, PublicKeyToken=cc7b13ffcd2ddd51'
 ---> System.IO.FileNotFoundException: Could not load file or assembly 'Microsoft.Bcl.AsyncInterfaces, Culture=neutral, PublicKeyToken=null'. O sistema não pode encontrar o arquivo especificado.
File name: 'Microsoft.Bcl.AsyncInterfaces, Culture=neutral, PublicKeyToken=null'
   at System.Reflection.RuntimeAssembly.InternalLoad(AssemblyName assemblyName, StackCrawlMark& stackMark, AssemblyLoadContext assemblyLoadContext, RuntimeAssembly requestingAssembly, Boolean throwOnFileNotFound)
   at System.Reflection.Assembly.Load(AssemblyName assemblyRef)
   at Microsoft.VisualStudio.TestPlatform.Common.ExtensionFramework.TestPluginCache.CurrentDomainAssemblyResolve(Object sender, AssemblyResolveEventArgs args)
   at System.Runtime.Loader.AssemblyLoadContext.GetFirstResolvedAssemblyFromResolvingEvent(AssemblyName assemblyName)
   at System.Runtime.Loader.AssemblyLoadContext.ResolveUsingEvent(AssemblyName assemblyName)
   at System.Runtime.Loader.AssemblyLoadContext.ResolveUsingResolvingEvent(IntPtr gchManagedAssemblyLoadContext, AssemblyName assemblyName)
TpTrace Warning: 0 : 2244, 1, 2023/03/08, 03:59:34.460, 1930801644970, vstest.console.dll, LoaderExceptions: System.IO.FileNotFoundException: Could not load file or assembly 'Microsoft.Bcl.AsyncInterfaces, Version=1.0.0.0, Culture=neutral, PublicKeyToken=cc7b13ffcd2ddd51'. O sistema não pode encontrar o arquivo especificado.
File name: 'Microsoft.Bcl.AsyncInterfaces, Version=1.0.0.0, Culture=neutral, PublicKeyToken=cc7b13ffcd2ddd51'
 ---> System.IO.FileNotFoundException: Could not load file or assembly 'Microsoft.Bcl.AsyncInterfaces, Culture=neutral, PublicKeyToken=null'. O sistema não pode encontrar o arquivo especificado.
File name: 'Microsoft.Bcl.AsyncInterfaces, Culture=neutral, PublicKeyToken=null'
   at System.Reflection.RuntimeAssembly.InternalLoad(AssemblyName assemblyName, StackCrawlMark& stackMark, AssemblyLoadContext assemblyLoadContext, RuntimeAssembly requestingAssembly, Boolean throwOnFileNotFound)
   at System.Reflection.Assembly.Load(AssemblyName assemblyRef)
   at Microsoft.VisualStudio.TestPlatform.Common.ExtensionFramework.TestPluginCache.CurrentDomainAssemblyResolve(Object sender, AssemblyResolveEventArgs args)
   at System.Runtime.Loader.AssemblyLoadContext.GetFirstResolvedAssemblyFromResolvingEvent(AssemblyName assemblyName)
   at System.Runtime.Loader.AssemblyLoadContext.ResolveUsingEvent(AssemblyName assemblyName)
   at System.Runtime.Loader.AssemblyLoadContext.ResolveUsingResolvingEvent(IntPtr gchManagedAssemblyLoadContext, AssemblyName assemblyName)
TpTrace Verbose: 0 : 2244, 1, 2023/03/08, 03:59:34.460, 1930801645442, vstest.console.dll, MetadataReaderExtensionsHelper: Discovering extensions inside assembly 'Microsoft.TestPlatform.Extensions.BlameDataCollector, Version=15.0.0.0, Culture=neutral, PublicKeyToken=b03f5f7f11d50a3a' file path 'C:\Program Files\dotnet\sdk\7.0.200\Extensions\Microsoft.TestPlatform.Extensions.BlameDataCollector.dll'
TpTrace Information: 0 : 2244, 1, 2023/03/08, 03:59:34.461, 1930801650003, vstest.console.dll, GetTestExtensionFromType: Register extension with identifier data 'logger://Microsoft/TestPlatform/Extensions/Blame/v1' and type 'Microsoft.TestPlatform.Extensions.BlameDataCollector.BlameLogger, Microsoft.TestPlatform.Extensions.BlameDataCollector, Version=15.0.0.0, Culture=neutral, PublicKeyToken=b03f5f7f11d50a3a' inside file 'C:\Program Files\dotnet\sdk\7.0.200\Extensions\Microsoft.TestPlatform.Extensions.BlameDataCollector.dll'
TpTrace Verbose: 0 : 2244, 1, 2023/03/08, 03:59:34.461, 1930801650453, vstest.console.dll, MetadataReaderExtensionsHelper: Discovering extensions inside assembly 'Microsoft.TestPlatform.Extensions.EventLogCollector, Version=15.0.0.0, Culture=neutral, PublicKeyToken=b03f5f7f11d50a3a' file path 'C:\Program Files\dotnet\sdk\7.0.200\Extensions\Microsoft.TestPlatform.Extensions.EventLogCollector.dll'
TpTrace Verbose: 0 : 2244, 1, 2023/03/08, 03:59:34.461, 1930801654051, vstest.console.dll, MetadataReaderExtensionsHelper: Discovering extensions inside assembly 'Microsoft.TestPlatform.TestHostRuntimeProvider, Version=15.0.0.0, Culture=neutral, PublicKeyToken=b03f5f7f11d50a3a' file path 'C:\Program Files\dotnet\sdk\7.0.200\Extensions\Microsoft.TestPlatform.TestHostRuntimeProvider.dll'
TpTrace Verbose: 0 : 2244, 1, 2023/03/08, 03:59:34.462, 1930801657671, vstest.console.dll, MetadataReaderExtensionsHelper: Discovering extensions inside assembly 'Microsoft.VisualStudio.TestPlatform.Extensions.Html.TestLogger, Version=15.0.0.0, Culture=neutral, PublicKeyToken=b03f5f7f11d50a3a' file path 'C:\Program Files\dotnet\sdk\7.0.200\Extensions\Microsoft.VisualStudio.TestPlatform.Extensions.Html.TestLogger.dll'
TpTrace Information: 0 : 2244, 1, 2023/03/08, 03:59:34.462, 1930801666356, vstest.console.dll, GetTestExtensionFromType: Register extension with identifier data 'logger://Microsoft/TestPlatform/HtmlLogger/v1' and type 'Microsoft.VisualStudio.TestPlatform.Extensions.HtmlLogger.HtmlLogger, Microsoft.VisualStudio.TestPlatform.Extensions.Html.TestLogger, Version=15.0.0.0, Culture=neutral, PublicKeyToken=b03f5f7f11d50a3a' inside file 'C:\Program Files\dotnet\sdk\7.0.200\Extensions\Microsoft.VisualStudio.TestPlatform.Extensions.Html.TestLogger.dll'
TpTrace Verbose: 0 : 2244, 1, 2023/03/08, 03:59:34.462, 1930801666974, vstest.console.dll, MetadataReaderExtensionsHelper: Discovering extensions inside assembly 'Microsoft.VisualStudio.TestPlatform.Extensions.Trx.TestLogger, Version=15.0.0.0, Culture=neutral, PublicKeyToken=b03f5f7f11d50a3a' file path 'C:\Program Files\dotnet\sdk\7.0.200\Extensions\Microsoft.VisualStudio.TestPlatform.Extensions.Trx.TestLogger.dll'
TpTrace Information: 0 : 2244, 1, 2023/03/08, 03:59:34.463, 1930801673523, vstest.console.dll, GetTestExtensionFromType: Register extension with identifier data 'logger://Microsoft/TestPlatform/TrxLogger/v1' and type 'Microsoft.VisualStudio.TestPlatform.Extensions.TrxLogger.TrxLogger, Microsoft.VisualStudio.TestPlatform.Extensions.Trx.TestLogger, Version=15.0.0.0, Culture=neutral, PublicKeyToken=b03f5f7f11d50a3a' inside file 'C:\Program Files\dotnet\sdk\7.0.200\Extensions\Microsoft.VisualStudio.TestPlatform.Extensions.Trx.TestLogger.dll'
TpTrace Verbose: 0 : 2244, 1, 2023/03/08, 03:59:34.463, 1930801674788, vstest.console.dll, TestPluginCache: Discovered the extensions using extension path ''.
TpTrace Verbose: 0 : 2244, 1, 2023/03/08, 03:59:34.463, 1930801675004, vstest.console.dll, TestPluginCache: Discoverers are ''.
TpTrace Verbose: 0 : 2244, 1, 2023/03/08, 03:59:34.463, 1930801675160, vstest.console.dll, TestPluginCache: Executors are ''.
TpTrace Verbose: 0 : 2244, 1, 2023/03/08, 03:59:34.463, 1930801675312, vstest.console.dll, TestPluginCache: Executors2 are ''.
TpTrace Verbose: 0 : 2244, 1, 2023/03/08, 03:59:34.463, 1930801675456, vstest.console.dll, TestPluginCache: Setting providers are ''.
TpTrace Verbose: 0 : 2244, 1, 2023/03/08, 03:59:34.463, 1930801676040, vstest.console.dll, TestPluginCache: Loggers are 'logger://Microsoft/TestPlatform/Extensions/Blame/v1,logger://Microsoft/TestPlatform/HtmlLogger/v1,logger://Microsoft/TestPlatform/TrxLogger/v1'.
TpTrace Verbose: 0 : 2244, 1, 2023/03/08, 03:59:34.463, 1930801676315, vstest.console.dll, TestPluginCache: TestHosts are 'HostProvider://DefaultTestHost,HostProvider://DotnetTestHost'.
TpTrace Verbose: 0 : 2244, 1, 2023/03/08, 03:59:34.463, 1930801676477, vstest.console.dll, TestPluginCache: DataCollectors are ''.
TpTrace Information: 0 : 2244, 1, 2023/03/08, 03:59:34.464, 1930801685738, vstest.console.dll, TestPluginManager.CreateTestExtension: Attempting to load test extension: Microsoft.TestPlatform.Extensions.BlameDataCollector.BlameLogger
TpTrace Verbose: 0 : 2244, 1, 2023/03/08, 03:59:34.470, 1930801746410, vstest.console.dll, TestEngine: Initializing Parallel Execution as MaxCpuCount is set to: 1
TpTrace Information: 0 : 2244, 1, 2023/03/08, 03:59:34.472, 1930801758232, vstest.console.dll, TestPluginManager.CreateTestExtension: Attempting to load test extension: Microsoft.VisualStudio.TestPlatform.CrossPlatEngine.Hosting.DefaultTestHostManager
TpTrace Information: 0 : 2244, 1, 2023/03/08, 03:59:34.473, 1930801767861, vstest.console.dll, TestPluginManager.CreateTestExtension: Attempting to load test extension: Microsoft.VisualStudio.TestPlatform.CrossPlatEngine.Hosting.DotnetTestHostManager
TpTrace Information: 0 : 2244, 1, 2023/03/08, 03:59:34.473, 1930801772110, vstest.console.dll, InferRunSettingsHelper.IsTestSettingsEnabled: Unable to navigate to RunSettings/MSTest. Current node: RunSettings
TpTrace Verbose: 0 : 2244, 1, 2023/03/08, 03:59:34.476, 1930801800705, vstest.console.dll, TestEngine.GetExecutionManager: Chosen execution manager 'Microsoft.VisualStudio.TestPlatform.CrossPlatEngine.Client.Parallel.ParallelProxyExecutionManager, Microsoft.TestPlatform.CrossPlatEngine, Version=15.0.0.0, Culture=neutral, PublicKeyToken=b03f5f7f11d50a3a' ParallelLevel '1'.
TpTrace Verbose: 0 : 2244, 1, 2023/03/08, 03:59:34.476, 1930801801613, vstest.console.dll, TestRunRequest.ExecuteAsync: Creating test run request.
TpTrace Verbose: 0 : 2244, 1, 2023/03/08, 03:59:34.476, 1930801803138, vstest.console.dll, TestRunRequest.ExecuteAsync: Starting.
TpTrace Information: 0 : 2244, 1, 2023/03/08, 03:59:34.476, 1930801804951, vstest.console.dll, TestRunRequest.ExecuteAsync: Starting run with settings:TestRunCriteria:
   KeepAlive=False,FrequencyOfRunStatsChangeEvent=10,RunStatsChangeEventTimeout=00:00:01.5000000,TestCaseFilter=,TestExecutorLauncher=
   Settingsxml=<RunSettings>
  <RunConfiguration>
    <ResultsDirectory>D:\project\Git\ParanaBank\ParanaBank.Tests\bin\Debug\net6.0\fine-code-coverage\coverage-tool-output</ResultsDirectory>
    <TargetPlatform>X64</TargetPlatform>
    <TargetFrameworkVersion>.NETCoreApp,Version=v6.0</TargetFrameworkVersion>
    <DesignMode>False</DesignMode>
    <CollectSourceInformation>False</CollectSourceInformation>
  </RunConfiguration>
  <LoggerRunSettings>
    <Loggers>
      <Logger friendlyName="blame" enabled="True" />
      <Logger friendlyName="Console" uri="logger://microsoft/TestPlatform/ConsoleLogger/v1" assemblyQualifiedName="Microsoft.VisualStudio.TestPlatform.CommandLine.Internal.ConsoleLogger, vstest.console, Version=15.0.0.0, Culture=neutral, PublicKeyToken=b03f5f7f11d50a3a" codeBase="C:\Program Files\dotnet\sdk\7.0.200\vstest.console.dll" enabled="True" />
    </Loggers>
  </LoggerRunSettings>
  <DataCollectionRunSettings>
    <DataCollectors>
      <DataCollector friendlyName="blame" enabled="True">
        <Configuration>
          <ResultsDirectory>D:\project\Git\ParanaBank\ParanaBank.Tests\bin\Debug\net6.0\fine-code-coverage\coverage-tool-output</ResultsDirectory>
        </Configuration>
      </DataCollector>
    </DataCollectors>
  </DataCollectionRunSettings>
</RunSettings>

TpTrace Verbose: 0 : 2244, 1, 2023/03/08, 03:59:34.476, 1930801805266, vstest.console.dll, TestRunRequest.ExecuteAsync: Wait for the first run request is over.
TpTrace Verbose: 0 : 2244, 1, 2023/03/08, 03:59:34.476, 1930801806927, vstest.console.dll, MulticastDelegateUtilities.SafeInvoke: TestRun.TestRunStart: Invoking callbacks was skipped because there are no subscribers.
TpTrace Verbose: 0 : 2244, 4, 2023/03/08, 03:59:34.477, 1930801808409, vstest.console.dll, MulticastDelegateUtilities.SafeInvoke: InternalTestLoggerEvents.SendTestRunStart: Invoking callback 1/1 for Microsoft.VisualStudio.TestPlatform.CommandLine.Internal.ConsoleLogger., took 0 ms.
TpTrace Verbose: 0 : 2244, 1, 2023/03/08, 03:59:34.477, 1930801814839, vstest.console.dll, ParallelProxyExecutionManager: Start execution. Total sources: 1
TpTrace Verbose: 0 : 2244, 1, 2023/03/08, 03:59:34.478, 1930801825569, vstest.console.dll, TestRequestSender is acting as server.
TpTrace Verbose: 0 : 2244, 1, 2023/03/08, 03:59:34.480, 1930801838179, vstest.console.dll, DataCollectionRequestSender.InitializeCommunication : Initialize communication. 
TpTrace Information: 0 : 2244, 1, 2023/03/08, 03:59:34.483, 1930801876827, vstest.console.dll, Listening on Endpoint : 127.0.0.1:54015
TpTrace Verbose: 0 : 2244, 1, 2023/03/08, 03:59:34.488, 1930801926168, vstest.console.dll, DotnetDataCollectionLauncher: Adding  --runtimeconfig "C:\Program Files\dotnet\sdk\7.0.200\datacollector.runtimeconfig.json" in args
TpTrace Verbose: 0 : 2244, 1, 2023/03/08, 03:59:34.488, 1930801926954, vstest.console.dll, DotnetDataCollectionLauncher: Adding  --depsfile "C:\Program Files\dotnet\sdk\7.0.200\datacollector.deps.json" in args
TpTrace Verbose: 0 : 2244, 1, 2023/03/08, 03:59:34.489, 1930801927954, vstest.console.dll, DotnetDataCollectionLauncher: Full path of dotnet.exe is C:\Program Files\dotnet\dotnet.exe
TpTrace Information: 0 : 2244, 1, 2023/03/08, 03:59:34.494, 1930801980004, vstest.console.dll, ProxyDataCollectionManager.Initialize: Launched datacollector processId: 39488 port: 54015
TpTrace Information: 0 : 2244, 1, 2023/03/08, 03:59:34.494, 1930801981405, vstest.console.dll, ProxyDataCollectionManager.Initialize: waiting for connection with timeout: 90 seconds
TpTrace Verbose: 0 : 2244, 1, 2023/03/08, 03:59:34.494, 1930801981866, vstest.console.dll, DataCollectionRequestSender.WaitForRequestHandlerConnection : Waiting for connection with timeout: 90000
TpTrace Information: 0 : 2244, 7, 2023/03/08, 03:59:34.628, 1930803320855, vstest.console.dll, Using the buffer size of 16384 bytes
TpTrace Verbose: 0 : 2244, 1, 2023/03/08, 03:59:34.628, 1930803321019, vstest.console.dll, SocketCommunicationManager.WaitForClientConnection took: 133 ms, with 90000 ms timeout, and finished with True.
TpTrace Information: 0 : 2244, 7, 2023/03/08, 03:59:34.628, 1930803321857, vstest.console.dll, Accepted Client request and set the flag
TpTrace Verbose: 0 : 2244, 1, 2023/03/08, 03:59:34.628, 1930803322622, vstest.console.dll, ProxyDataCollectionManager.InvokeDataCollectionServiceAction: Starting.
TpTrace Information: 0 : 2244, 1, 2023/03/08, 03:59:34.628, 1930803323059, vstest.console.dll, ProxyDataCollectionManager.BeforeTestRunStart: Get environment variable and port for datacollector processId: 39488 port: 54015
TpTrace Verbose: 0 : 2244, 1, 2023/03/08, 03:59:34.628, 1930803323761, vstest.console.dll, DataCollectionRequestSender.SendBeforeTestRunStartAndGetResult: Send BeforeTestRunStart message with settingsXml <RunSettings><RunConfiguration><ResultsDirectory>D:\project\Git\ParanaBank\ParanaBank.Tests\bin\Debug\net6.0\fine-code-coverage\coverage-tool-output</ResultsDirectory><TargetPlatform>X64</TargetPlatform><TargetFrameworkVersion>.NETCoreApp,Version=v6.0</TargetFrameworkVersion><DesignMode>False</DesignMode><CollectSourceInformation>False</CollectSourceInformation><TestAdaptersPaths>C:\Program Files\dotnet\sdk\7.0.200\Extensions</TestAdaptersPaths></RunConfiguration><LoggerRunSettings><Loggers><Logger friendlyName="blame" enabled="True" /><Logger friendlyName="Console" uri="logger://microsoft/TestPlatform/ConsoleLogger/v1" assemblyQualifiedName="Microsoft.VisualStudio.TestPlatform.CommandLine.Internal.ConsoleLogger, vstest.console, Version=15.0.0.0, Culture=neutral, PublicKeyToken=b03f5f7f11d50a3a" codeBase="C:\Program Files\dotnet\sdk\7.0.200\vstest.console.dll" enabled="True" /></Loggers></LoggerRunSettings><DataCollectionRunSettings><DataCollectors><DataCollector friendlyName="blame" enabled="True"><Configuration><ResultsDirectory>D:\project\Git\ParanaBank\ParanaBank.Tests\bin\Debug\net6.0\fine-code-coverage\coverage-tool-output</ResultsDirectory></Configuration></DataCollector></DataCollectors></DataCollectionRunSettings></RunSettings> and sources System.Collections.Generic.List`1[System.String]: 
TpTrace Verbose: 0 : 2244, 1, 2023/03/08, 03:59:34.693, 1930803973581, vstest.console.dll, DataCollectionRequestSender.SendBeforeTestRunStartAndGetResult: Received message: (DataCollection.SendMessage) -> {"MessageType":"DataCollection.SendMessage","Payload":{"FriendlyName":null,"Uri":null,"TestCaseId":"00000000-0000-0000-0000-000000000000","Message":"Logging DataCollector Diagnostics in file: D:\\project\\Git\\ParanaBank\\ParanaBank.Tests\\bin\\Debug\\net6.0\\fine-code-coverage\\coverage-tool-output\\diagnostics.datacollector.23-03-08_03-59-34_48873_1.log","Level":0}}
TpTrace Verbose: 0 : 2244, 1, 2023/03/08, 03:59:34.766, 1930804703107, vstest.console.dll, DataCollectionRequestSender.SendBeforeTestRunStartAndGetResult: Received message: (DataCollection.BeforeTestRunStartResult) -> {"MessageType":"DataCollection.BeforeTestRunStartResult","Payload":{"EnvironmentVariables":{},"DataCollectionEventsPort":54017}}
TpTrace Information: 0 : 2244, 1, 2023/03/08, 03:59:34.770, 1930804743685, vstest.console.dll, ProxyDataCollectionManager.BeforeTestRunStart: SendBeforeTestRunStartAndGetResult successful, env variable from datacollector:   and testhost port: 54017
TpTrace Information: 0 : 2244, 1, 2023/03/08, 03:59:34.770, 1930804744638, vstest.console.dll, ProxyDataCollectionManager.InvokeDataCollectionServiceAction: Completed.
TpTrace Verbose: 0 : 2244, 7, 2023/03/08, 03:59:34.770, 1930804745477, vstest.console.dll, ParallelProxyExecutionManager: Execution started. Started clients: 1
TpTrace Verbose: 0 : 2244, 1, 2023/03/08, 03:59:34.770, 1930804745671, vstest.console.dll, ProxyParallelExecutionManager: No sources available for execution.
TpTrace Information: 0 : 2244, 1, 2023/03/08, 03:59:34.770, 1930804746135, vstest.console.dll, TestRunRequest.ExecuteAsync: Started.
TpTrace Verbose: 0 : 2244, 1, 2023/03/08, 03:59:34.770, 1930804746605, vstest.console.dll, TestRunRequest.WaitForCompletion: Waiting with timeout -1.
TpTrace Verbose: 0 : 2244, 7, 2023/03/08, 03:59:34.771, 1930804747449, vstest.console.dll, TestRunRequest:SendTestRunMessage: Starting.
TpTrace Verbose: 0 : 2244, 7, 2023/03/08, 03:59:34.771, 1930804748499, vstest.console.dll, MulticastDelegateUtilities.SafeInvoke: TestRun.LogMessages: Invoking callback 1/1 for Microsoft.VisualStudio.TestPlatform.CommandLine.TestRunResultAggregator., took 0 ms.
TpTrace Information: 0 : 2244, 7, 2023/03/08, 03:59:34.771, 1930804748759, vstest.console.dll, TestRunRequest:SendTestRunMessage: Completed.
TpTrace Verbose: 0 : 2244, 7, 2023/03/08, 03:59:34.771, 1930804749904, vstest.console.dll, ProxyExecutionManager: Test host is always Lazy initialize.
TpTrace Verbose: 0 : 2244, 4, 2023/03/08, 03:59:34.771, 1930804751072, vstest.console.dll, MulticastDelegateUtilities.SafeInvoke: InternalTestLoggerEvents.SendTestRunMessage: Invoking callback 1/1 for Microsoft.VisualStudio.TestPlatform.CommandLine.Internal.ConsoleLogger., took 0 ms.
TpTrace Verbose: 0 : 2244, 7, 2023/03/08, 03:59:34.771, 1930804751753, vstest.console.dll, TestRequestSender.InitializeCommunication: initialize communication. 
TpTrace Information: 0 : 2244, 7, 2023/03/08, 03:59:34.771, 1930804756817, vstest.console.dll, SocketServer.Start: Listening on endpoint : 127.0.0.1:54018
TpTrace Verbose: 0 : 2244, 7, 2023/03/08, 03:59:34.772, 1930804763089, vstest.console.dll, DotnetTestHostmanager.GetTestHostProcessStartInfo: Platform environment 'X64' target architecture 'X64' framework '.NETCoreApp,Version=v6.0' OS 'Windows'
TpTrace Verbose: 0 : 2244, 7, 2023/03/08, 03:59:34.772, 1930804764303, vstest.console.dll, DotnetTestHostmanager: Adding  --runtimeconfig "D:\project\Git\ParanaBank\ParanaBank.Tests\bin\Debug\net6.0\fine-code-coverage\build-output\ParanaBank.Tests.runtimeconfig.json" in args
TpTrace Verbose: 0 : 2244, 7, 2023/03/08, 03:59:34.772, 1930804764625, vstest.console.dll, DotnetTestHostmanager: Adding  --depsfile "D:\project\Git\ParanaBank\ParanaBank.Tests\bin\Debug\net6.0\fine-code-coverage\build-output\ParanaBank.Tests.deps.json" in args
TpTrace Verbose: 0 : 2244, 7, 2023/03/08, 03:59:34.772, 1930804766352, vstest.console.dll, DotnetTestHostmanager.IsWinOnArm: Current PROCESSOR_ARCHITECTURE from environment variable 'AMD64'
TpTrace Verbose: 0 : 2244, 7, 2023/03/08, 03:59:34.772, 1930804766810, vstest.console.dll, DotnetTestHostmanager.IsWinOnArm: Is Windows on ARM 'False'
TpTrace Verbose: 0 : 2244, 7, 2023/03/08, 03:59:34.773, 1930804767140, vstest.console.dll, DotnetTestHostManager: testhost.exe found at path: D:\project\Git\ParanaBank\ParanaBank.Tests\bin\Debug\net6.0\fine-code-coverage\build-output\testhost.exe
TpTrace Verbose: 0 : 2244, 7, 2023/03/08, 03:59:34.773, 1930804767353, vstest.console.dll, DotnetTestHostmanager: Full path of host exe is D:\project\Git\ParanaBank\ParanaBank.Tests\bin\Debug\net6.0\fine-code-coverage\build-output\testhost.exe
TpTrace Verbose: 0 : 2244, 7, 2023/03/08, 03:59:34.773, 1930804768242, vstest.console.dll, DotnetTestHostmanager.LaunchTestHostAsync: Found 'VSTEST_WINAPPHOST_DOTNET_ROOT' in env variables, value 'C:\Program Files\dotnet', forwarding to 'DOTNET_ROOT'
TpTrace Verbose: 0 : 2244, 7, 2023/03/08, 03:59:34.773, 1930804769452, vstest.console.dll, DotnetTestHostManager: Starting process 'D:\project\Git\ParanaBank\ParanaBank.Tests\bin\Debug\net6.0\fine-code-coverage\build-output\testhost.exe' with command line ' --runtimeconfig "D:\project\Git\ParanaBank\ParanaBank.Tests\bin\Debug\net6.0\fine-code-coverage\build-output\ParanaBank.Tests.runtimeconfig.json" --depsfile "D:\project\Git\ParanaBank\ParanaBank.Tests\bin\Debug\net6.0\fine-code-coverage\build-output\ParanaBank.Tests.deps.json" --port 54018 --endpoint 127.0.0.1:054018 --role client --parentprocessid 2244 --diag "D:\project\Git\ParanaBank\ParanaBank.Tests\bin\Debug\net6.0\fine-code-coverage\coverage-tool-output\diagnostics.host.23-03-08_03-59-34_77226_7.log" --tracelevel 4 --datacollectionport 54017 --telemetryoptedin false'
TpTrace Verbose: 0 : 2244, 7, 2023/03/08, 03:59:34.778, 1930804825235, vstest.console.dll, MulticastDelegateUtilities.SafeInvoke: HostProviderEvents.OnHostLaunched: Invoking callback 1/2 for Microsoft.VisualStudio.TestPlatform.CrossPlatEngine.Client.ProxyExecutionManagerWithDataCollection., took 1 ms.
TpTrace Verbose: 0 : 2244, 7, 2023/03/08, 03:59:34.778, 1930804826950, vstest.console.dll, Test Runtime launched
TpTrace Verbose: 0 : 2244, 7, 2023/03/08, 03:59:34.779, 1930804827313, vstest.console.dll, MulticastDelegateUtilities.SafeInvoke: HostProviderEvents.OnHostLaunched: Invoking callback 2/2 for Microsoft.VisualStudio.TestPlatform.CrossPlatEngine.Client.ProxyOperationManager., took 0 ms.
TpTrace Verbose: 0 : 2244, 7, 2023/03/08, 03:59:34.779, 1930804828434, vstest.console.dll, TestRequestSender.WaitForRequestHandlerConnection: waiting for connection with timeout: 90000.
TpTrace Verbose: 0 : 2244, 12, 2023/03/08, 03:59:34.909, 1930806133641, vstest.console.dll, MulticastDelegateUtilities.SafeInvoke: SocketServer: ClientConnected: Invoking callback 1/1 for Microsoft.VisualStudio.TestPlatform.CommunicationUtilities.TestRequestSender., took 0 ms.
TpTrace Verbose: 0 : 2244, 7, 2023/03/08, 03:59:34.909, 1930806133642, vstest.console.dll, TestRequestSender.WaitForRequestHandlerConnection: waiting took 130 ms, with timeout 90000 ms, and result 0, which is success.
TpTrace Verbose: 0 : 2244, 12, 2023/03/08, 03:59:34.909, 1930806134783, vstest.console.dll, SocketServer.OnClientConnected: Client connected for endPoint: 127.0.0.1:54018, starting MessageLoopAsync:
TpTrace Verbose: 0 : 2244, 13, 2023/03/08, 03:59:34.910, 1930806137293, vstest.console.dll, TcpClientExtensions.MessageLoopAsync: Polling on remoteEndPoint: 127.0.0.1:54019 localEndPoint: 127.0.0.1:54018
TpTrace Verbose: 0 : 2244, 7, 2023/03/08, 03:59:34.910, 1930806144694, vstest.console.dll, TestRequestSender.CheckVersionWithTestHost: Sending check version message: {"MessageType":"ProtocolVersion","Payload":7}
TpTrace Verbose: 0 : 2244, 13, 2023/03/08, 03:59:35.016, 1930807206796, vstest.console.dll, TcpClientExtensions.MessageLoopAsync: NotifyDataAvailable remoteEndPoint: 127.0.0.1:54019 localEndPoint: 127.0.0.1:54018
TpTrace Verbose: 0 : 2244, 13, 2023/03/08, 03:59:35.017, 1930807209685, vstest.console.dll, TestRequestSender.CheckVersionWithTestHost: onMessageReceived received message: (ProtocolVersion) -> {"MessageType":"ProtocolVersion","Payload":7}
TpTrace Verbose: 0 : 2244, 13, 2023/03/08, 03:59:35.017, 1930807215490, vstest.console.dll, MulticastDelegateUtilities.SafeInvoke: LengthPrefixCommunicationChannel: MessageReceived: Invoking callback 1/1 for Microsoft.VisualStudio.TestPlatform.CommunicationUtilities.TestRequestSender+<>c__DisplayClass29_0., took 0 ms.
TpTrace Verbose: 0 : 2244, 13, 2023/03/08, 03:59:35.017, 1930807216147, vstest.console.dll, TcpClientExtensions.MessageLoopAsync: Polling on remoteEndPoint: 127.0.0.1:54019 localEndPoint: 127.0.0.1:54018
TpTrace Verbose: 0 : 2244, 7, 2023/03/08, 03:59:35.017, 1930807216655, vstest.console.dll, TestPluginCache.GetExtensionPaths: Filtered extension paths: 
TpTrace Verbose: 0 : 2244, 7, 2023/03/08, 03:59:35.018, 1930807217564, vstest.console.dll, TestPluginCache.GetExtensionPaths: Added default extension paths: C:\Program Files\dotnet\sdk\7.0.200\Extensions\Microsoft.Diagnostics.NETCore.Client.dll
C:\Program Files\dotnet\sdk\7.0.200\Extensions\Microsoft.TestPlatform.Extensions.BlameDataCollector.dll
C:\Program Files\dotnet\sdk\7.0.200\Extensions\Microsoft.TestPlatform.Extensions.EventLogCollector.dll
C:\Program Files\dotnet\sdk\7.0.200\Extensions\Microsoft.TestPlatform.TestHostRuntimeProvider.dll
C:\Program Files\dotnet\sdk\7.0.200\Extensions\Microsoft.VisualStudio.TestPlatform.Extensions.Html.TestLogger.dll
C:\Program Files\dotnet\sdk\7.0.200\Extensions\Microsoft.VisualStudio.TestPlatform.Extensions.Trx.TestLogger.dll
TpTrace Verbose: 0 : 2244, 7, 2023/03/08, 03:59:35.018, 1930807217779, vstest.console.dll, TestPluginCache.GetExtensionPaths: Added unfilterableExtensionPaths: 
TpTrace Verbose: 0 : 2244, 7, 2023/03/08, 03:59:35.020, 1930807239530, vstest.console.dll, TestRequestSender.InitializeExecution: Sending initialize execution with message: {"Version":7,"MessageType":"TestExecution.Initialize","Payload":["D:\\project\\Git\\ParanaBank\\ParanaBank.Tests\\bin\\Debug\\net6.0\\fine-code-coverage\\build-output\\xunit.runner.visualstudio.dotnetcore.testadapter.dll"]}
TpTrace Warning: 0 : 2244, 7, 2023/03/08, 03:59:35.020, 1930807242666, vstest.console.dll, InferRunSettingsHelper.MakeRunsettingsCompatible: Removing the following settings: TargetPlatform from RunSettings file. To use those settings please move to latest version of Microsoft.NET.Test.Sdk
TpTrace Verbose: 0 : 2244, 13, 2023/03/08, 03:59:35.021, 1930807248532, vstest.console.dll, TcpClientExtensions.MessageLoopAsync: NotifyDataAvailable remoteEndPoint: 127.0.0.1:54019 localEndPoint: 127.0.0.1:54018
TpTrace Verbose: 0 : 2244, 13, 2023/03/08, 03:59:35.021, 1930807251101, vstest.console.dll, TestRequestSender.OnExecutionMessageReceived: Received message: {"Version":7,"MessageType":"TestSession.Message","Payload":{"MessageLevel":0,"Message":"Logging TestHost Diagnostics in file: D:\\project\\Git\\ParanaBank\\ParanaBank.Tests\\bin\\Debug\\net6.0\\fine-code-coverage\\coverage-tool-output\\diagnostics.host.23-03-08_03-59-34_77226_7.log"}}
TpTrace Verbose: 0 : 2244, 13, 2023/03/08, 03:59:35.023, 1930807268928, vstest.console.dll, TestRunRequest:SendTestRunMessage: Starting.
TpTrace Verbose: 0 : 2244, 13, 2023/03/08, 03:59:35.023, 1930807269686, vstest.console.dll, MulticastDelegateUtilities.SafeInvoke: TestRun.LogMessages: Invoking callback 1/1 for Microsoft.VisualStudio.TestPlatform.CommandLine.TestRunResultAggregator., took 0 ms.
TpTrace Verbose: 0 : 2244, 4, 2023/03/08, 03:59:35.023, 1930807269823, vstest.console.dll, MulticastDelegateUtilities.SafeInvoke: InternalTestLoggerEvents.SendTestRunMessage: Invoking callback 1/1 for Microsoft.VisualStudio.TestPlatform.CommandLine.Internal.ConsoleLogger., took 0 ms.
TpTrace Information: 0 : 2244, 13, 2023/03/08, 03:59:35.023, 1930807269889, vstest.console.dll, TestRunRequest:SendTestRunMessage: Completed.
TpTrace Verbose: 0 : 2244, 13, 2023/03/08, 03:59:35.023, 1930807270467, vstest.console.dll, MulticastDelegateUtilities.SafeInvoke: LengthPrefixCommunicationChannel: MessageReceived: Invoking callback 1/1 for Microsoft.VisualStudio.TestPlatform.CommunicationUtilities.TestRequestSender+<>c__DisplayClass34_0., took 2 ms.
TpTrace Verbose: 0 : 2244, 13, 2023/03/08, 03:59:35.023, 1930807271348, vstest.console.dll, TcpClientExtensions.MessageLoopAsync: Polling on remoteEndPoint: 127.0.0.1:54019 localEndPoint: 127.0.0.1:54018
TpTrace Verbose: 0 : 2244, 7, 2023/03/08, 03:59:35.025, 1930807292120, vstest.console.dll, TestRequestSender.StartTestRun: Sending test run with message: {"Version":7,"MessageType":"TestExecution.StartWithSources","Payload":{"AdapterSourceMap":{"_none_":["D:\\project\\Git\\ParanaBank\\ParanaBank.Tests\\bin\\Debug\\net6.0\\fine-code-coverage\\build-output\\ParanaBank.Tests.dll"]},"RunSettings":"<RunSettings>\r\n  <RunConfiguration>\r\n    <ResultsDirectory>D:\\project\\Git\\ParanaBank\\ParanaBank.Tests\\bin\\Debug\\net6.0\\fine-code-coverage\\coverage-tool-output</ResultsDirectory>\r\n    <TargetFrameworkVersion>.NETCoreApp,Version=v6.0</TargetFrameworkVersion>\r\n    <DesignMode>False</DesignMode>\r\n    <CollectSourceInformation>False</CollectSourceInformation>\r\n  </RunConfiguration>\r\n  <LoggerRunSettings>\r\n    <Loggers>\r\n      <Logger friendlyName=\"blame\" enabled=\"True\" />\r\n      <Logger friendlyName=\"Console\" uri=\"logger://microsoft/TestPlatform/ConsoleLogger/v1\" assemblyQualifiedName=\"Microsoft.VisualStudio.TestPlatform.CommandLine.Internal.ConsoleLogger, vstest.console, Version=15.0.0.0, Culture=neutral, PublicKeyToken=b03f5f7f11d50a3a\" codeBase=\"C:\\Program Files\\dotnet\\sdk\\7.0.200\\vstest.console.dll\" enabled=\"True\" />\r\n    </Loggers>\r\n  </LoggerRunSettings>\r\n  <DataCollectionRunSettings>\r\n    <DataCollectors>\r\n      <DataCollector friendlyName=\"blame\" enabled=\"True\">\r\n        <Configuration>\r\n          <ResultsDirectory>D:\\project\\Git\\ParanaBank\\ParanaBank.Tests\\bin\\Debug\\net6.0\\fine-code-coverage\\coverage-tool-output</ResultsDirectory>\r\n        </Configuration>\r\n      </DataCollector>\r\n    </DataCollectors>\r\n  </DataCollectionRunSettings>\r\n</RunSettings>","TestExecutionContext":{"FrequencyOfRunStatsChangeEvent":10,"RunStatsChangeEventTimeout":"00:00:01.5000000","InIsolation":false,"KeepAlive":false,"AreTestCaseLevelEventsRequired":false,"IsDebug":false,"TestCaseFilter":null,"FilterOptions":null},"Package":null}}
TpTrace Verbose: 0 : 2244, 13, 2023/03/08, 03:59:35.148, 1930808526425, vstest.console.dll, TcpClientExtensions.MessageLoopAsync: NotifyDataAvailable remoteEndPoint: 127.0.0.1:54019 localEndPoint: 127.0.0.1:54018
TpTrace Verbose: 0 : 2244, 13, 2023/03/08, 03:59:35.149, 1930808527967, vstest.console.dll, TestRequestSender.OnExecutionMessageReceived: Received message: {"Version":7,"MessageType":"TestSession.Message","Payload":{"MessageLevel":0,"Message":"[xUnit.net 00:00:00.00] xUnit.net VSTest Adapter v2.4.5+1caef2f33e (64-bit .NET 6.0.14)"}}
TpTrace Verbose: 0 : 2244, 13, 2023/03/08, 03:59:35.149, 1930808530622, vstest.console.dll, TestRunRequest:SendTestRunMessage: Starting.
TpTrace Verbose: 0 : 2244, 13, 2023/03/08, 03:59:35.149, 1930808531071, vstest.console.dll, MulticastDelegateUtilities.SafeInvoke: TestRun.LogMessages: Invoking callback 1/1 for Microsoft.VisualStudio.TestPlatform.CommandLine.TestRunResultAggregator., took 0 ms.
TpTrace Information: 0 : 2244, 13, 2023/03/08, 03:59:35.149, 1930808531326, vstest.console.dll, TestRunRequest:SendTestRunMessage: Completed.
TpTrace Verbose: 0 : 2244, 13, 2023/03/08, 03:59:35.149, 1930808531501, vstest.console.dll, MulticastDelegateUtilities.SafeInvoke: LengthPrefixCommunicationChannel: MessageReceived: Invoking callback 1/1 for Microsoft.VisualStudio.TestPlatform.CommunicationUtilities.TestRequestSender+<>c__DisplayClass34_0., took 0 ms.
TpTrace Verbose: 0 : 2244, 13, 2023/03/08, 03:59:35.149, 1930808531693, vstest.console.dll, TcpClientExtensions.MessageLoopAsync: Polling on remoteEndPoint: 127.0.0.1:54019 localEndPoint: 127.0.0.1:54018
TpTrace Verbose: 0 : 2244, 4, 2023/03/08, 03:59:35.149, 1930808531840, vstest.console.dll, MulticastDelegateUtilities.SafeInvoke: InternalTestLoggerEvents.SendTestRunMessage: Invoking callback 1/1 for Microsoft.VisualStudio.TestPlatform.CommandLine.Internal.ConsoleLogger., took 0 ms.
TpTrace Verbose: 0 : 2244, 13, 2023/03/08, 03:59:35.717, 1930814215362, vstest.console.dll, TcpClientExtensions.MessageLoopAsync: NotifyDataAvailable remoteEndPoint: 127.0.0.1:54019 localEndPoint: 127.0.0.1:54018
TpTrace Verbose: 0 : 2244, 13, 2023/03/08, 03:59:35.718, 1930814217602, vstest.console.dll, TestRequestSender.OnExecutionMessageReceived: Received message: {"Version":7,"MessageType":"TestSession.Message","Payload":{"MessageLevel":0,"Message":"[xUnit.net 00:00:00.57]   Discovering: ParanaBank.Tests"}}
TpTrace Verbose: 0 : 2244, 13, 2023/03/08, 03:59:35.718, 1930814218988, vstest.console.dll, TestRunRequest:SendTestRunMessage: Starting.
TpTrace Verbose: 0 : 2244, 13, 2023/03/08, 03:59:35.718, 1930814219496, vstest.console.dll, MulticastDelegateUtilities.SafeInvoke: TestRun.LogMessages: Invoking callback 1/1 for Microsoft.VisualStudio.TestPlatform.CommandLine.TestRunResultAggregator., took 0 ms.
TpTrace Information: 0 : 2244, 13, 2023/03/08, 03:59:35.718, 1930814219740, vstest.console.dll, TestRunRequest:SendTestRunMessage: Completed.
TpTrace Verbose: 0 : 2244, 4, 2023/03/08, 03:59:35.718, 1930814219809, vstest.console.dll, MulticastDelegateUtilities.SafeInvoke: InternalTestLoggerEvents.SendTestRunMessage: Invoking callback 1/1 for Microsoft.VisualStudio.TestPlatform.CommandLine.Internal.ConsoleLogger., took 0 ms.
TpTrace Verbose: 0 : 2244, 13, 2023/03/08, 03:59:35.718, 1930814219994, vstest.console.dll, MulticastDelegateUtilities.SafeInvoke: LengthPrefixCommunicationChannel: MessageReceived: Invoking callback 1/1 for Microsoft.VisualStudio.TestPlatform.CommunicationUtilities.TestRequestSender+<>c__DisplayClass34_0., took 0 ms.
TpTrace Verbose: 0 : 2244, 13, 2023/03/08, 03:59:35.718, 1930814220929, vstest.console.dll, TcpClientExtensions.MessageLoopAsync: Polling on remoteEndPoint: 127.0.0.1:54019 localEndPoint: 127.0.0.1:54018
TpTrace Verbose: 0 : 2244, 13, 2023/03/08, 03:59:35.747, 1930814507499, vstest.console.dll, TcpClientExtensions.MessageLoopAsync: NotifyDataAvailable remoteEndPoint: 127.0.0.1:54019 localEndPoint: 127.0.0.1:54018
TpTrace Verbose: 0 : 2244, 13, 2023/03/08, 03:59:35.747, 1930814510497, vstest.console.dll, TestRequestSender.OnExecutionMessageReceived: Received message: {"Version":7,"MessageType":"TestSession.Message","Payload":{"MessageLevel":0,"Message":"[xUnit.net 00:00:00.60]   Discovered:  ParanaBank.Tests"}}
TpTrace Verbose: 0 : 2244, 13, 2023/03/08, 03:59:35.747, 1930814513201, vstest.console.dll, TestRunRequest:SendTestRunMessage: Starting.
TpTrace Verbose: 0 : 2244, 13, 2023/03/08, 03:59:35.747, 1930814513802, vstest.console.dll, MulticastDelegateUtilities.SafeInvoke: TestRun.LogMessages: Invoking callback 1/1 for Microsoft.VisualStudio.TestPlatform.CommandLine.TestRunResultAggregator., took 0 ms.
TpTrace Information: 0 : 2244, 13, 2023/03/08, 03:59:35.747, 1930814514099, vstest.console.dll, TestRunRequest:SendTestRunMessage: Completed.
TpTrace Verbose: 0 : 2244, 13, 2023/03/08, 03:59:35.747, 1930814514431, vstest.console.dll, MulticastDelegateUtilities.SafeInvoke: LengthPrefixCommunicationChannel: MessageReceived: Invoking callback 1/1 for Microsoft.VisualStudio.TestPlatform.CommunicationUtilities.TestRequestSender+<>c__DisplayClass34_0., took 0 ms.
TpTrace Verbose: 0 : 2244, 13, 2023/03/08, 03:59:35.747, 1930814514710, vstest.console.dll, TcpClientExtensions.MessageLoopAsync: Polling on remoteEndPoint: 127.0.0.1:54019 localEndPoint: 127.0.0.1:54018
TpTrace Verbose: 0 : 2244, 4, 2023/03/08, 03:59:35.748, 1930814522849, vstest.console.dll, MulticastDelegateUtilities.SafeInvoke: InternalTestLoggerEvents.SendTestRunMessage: Invoking callback 1/1 for Microsoft.VisualStudio.TestPlatform.CommandLine.Internal.ConsoleLogger., took 0 ms.
TpTrace Verbose: 0 : 2244, 13, 2023/03/08, 03:59:35.750, 1930814538386, vstest.console.dll, TcpClientExtensions.MessageLoopAsync: NotifyDataAvailable remoteEndPoint: 127.0.0.1:54019 localEndPoint: 127.0.0.1:54018
TpTrace Verbose: 0 : 2244, 13, 2023/03/08, 03:59:35.750, 1930814540136, vstest.console.dll, TestRequestSender.OnExecutionMessageReceived: Received message: {"Version":7,"MessageType":"TestSession.Message","Payload":{"MessageLevel":0,"Message":"[xUnit.net 00:00:00.60]   Starting:    ParanaBank.Tests"}}
TpTrace Verbose: 0 : 2244, 13, 2023/03/08, 03:59:35.750, 1930814541477, vstest.console.dll, TestRunRequest:SendTestRunMessage: Starting.
TpTrace Verbose: 0 : 2244, 13, 2023/03/08, 03:59:35.750, 1930814541854, vstest.console.dll, MulticastDelegateUtilities.SafeInvoke: TestRun.LogMessages: Invoking callback 1/1 for Microsoft.VisualStudio.TestPlatform.CommandLine.TestRunResultAggregator., took 0 ms.
TpTrace Information: 0 : 2244, 13, 2023/03/08, 03:59:35.750, 1930814542044, vstest.console.dll, TestRunRequest:SendTestRunMessage: Completed.
TpTrace Verbose: 0 : 2244, 4, 2023/03/08, 03:59:35.750, 1930814542023, vstest.console.dll, MulticastDelegateUtilities.SafeInvoke: InternalTestLoggerEvents.SendTestRunMessage: Invoking callback 1/1 for Microsoft.VisualStudio.TestPlatform.CommandLine.Internal.ConsoleLogger., took 0 ms.
TpTrace Verbose: 0 : 2244, 13, 2023/03/08, 03:59:35.750, 1930814542288, vstest.console.dll, MulticastDelegateUtilities.SafeInvoke: LengthPrefixCommunicationChannel: MessageReceived: Invoking callback 1/1 for Microsoft.VisualStudio.TestPlatform.CommunicationUtilities.TestRequestSender+<>c__DisplayClass34_0., took 0 ms.
TpTrace Verbose: 0 : 2244, 13, 2023/03/08, 03:59:35.750, 1930814542855, vstest.console.dll, TcpClientExtensions.MessageLoopAsync: Polling on remoteEndPoint: 127.0.0.1:54019 localEndPoint: 127.0.0.1:54018
TpTrace Verbose: 0 : 2244, 13, 2023/03/08, 03:59:35.927, 1930816316097, vstest.console.dll, TcpClientExtensions.MessageLoopAsync: NotifyDataAvailable remoteEndPoint: 127.0.0.1:54019 localEndPoint: 127.0.0.1:54018
TpTrace Verbose: 0 : 2244, 13, 2023/03/08, 03:59:35.928, 1930816319233, vstest.console.dll, TestRequestSender.OnExecutionMessageReceived: Received message: {"Version":7,"MessageType":"TestExecution.StatsChange","Payload":{"NewTestResults":[{"TestCase":{"Id":"ed6351ce-ff1e-2230-c3be-49cfe5a11132","FullyQualifiedName":"ParanaBank.Tests.Aplication.CreateCommandHandleTest.HandleShouldBeException","DisplayName":"ParanaBank.Tests.Aplication.CreateCommandHandleTest.HandleShouldBeException","ExecutorUri":"executor://xunit/VsTestRunner2/netcoreapp","Source":"D:\\project\\Git\\ParanaBank\\ParanaBank.Tests\\bin\\Debug\\net6.0\\fine-code-coverage\\build-output\\ParanaBank.Tests.dll","CodeFilePath":null,"LineNumber":0,"Properties":[]},"Attachments":[],"Outcome":1,"ErrorMessage":null,"ErrorStackTrace":null,"DisplayName":"ParanaBank.Tests.Aplication.CreateCommandHandleTest.HandleShouldBeException","Messages":[],"ComputerName":"DESKTOP-PE4J4C6","Duration":"00:00:00.0767554","StartTime":"2023-03-08T06:59:35.8770291+00:00","EndTime":"2023-03-08T06:59:35.8770432+00:00","Properties":[]},{"TestCase":{"Id":"5a3e37f1-791a-71b4-1272-f0b5c2a044d9","FullyQualifiedName":"ParanaBank.Tests.Controller.ClientControllerTest.DeleteShouldNotBeSucess","DisplayName":"ParanaBank.Tests.Controller.ClientControllerTest.DeleteShouldNotBeSucess","ExecutorUri":"executor://xunit/VsTestRunner2/netcoreapp","Source":"D:\\project\\Git\\ParanaBank\\ParanaBank.Tests\\bin\\Debug\\net6.0\\fine-code-coverage\\build-output\\ParanaBank.Tests.dll","CodeFilePath":null,"LineNumber":0,"Properties":[]},"Attachments":[],"Outcome":1,"ErrorMessage":null,"ErrorStackTrace":null,"DisplayName":"ParanaBank.Tests.Controller.ClientControllerTest.DeleteShouldNotBeSucess","Messages":[],"ComputerName":"DESKTOP-PE4J4C6","Duration":"00:00:00.0766035","StartTime":"2023-03-08T06:59:35.8932026+00:00","EndTime":"2023-03-08T06:59:35.8932026+00:00","Properties":[]},{"TestCase":{"Id":"8160db59-c537-3439-5ee7-1ea679e07bae","FullyQualifiedName":"ParanaBank.Tests.Aplication.DeleteCommandHandleTest.HandleShouldBeException","DisplayName":"ParanaBank.Tests.Aplication.DeleteCommandHandleTest.HandleShouldBeException","ExecutorUri":"executor://xunit/VsTestRunner2/netcoreapp","Source":"D:\\project\\Git\\ParanaBank\\ParanaBank.Tests\\bin\\Debug\\net6.0\\fine-code-coverage\\build-output\\ParanaBank.Tests.dll","CodeFilePath":null,"LineNumber":0,"Properties":[]},"Attachments":[],"Outcome":1,"ErrorMessage":null,"ErrorStackTrace":null,"DisplayName":"ParanaBank.Tests.Aplication.DeleteCommandHandleTest.HandleShouldBeException","Messages":[],"ComputerName":"DESKTOP-PE4J4C6","Duration":"00:00:00.0765498","StartTime":"2023-03-08T06:59:35.8944824+00:00","EndTime":"2023-03-08T06:59:35.8944824+00:00","Properties":[]},{"TestCase":{"Id":"0c90b307-57a9-9b6e-5524-7a89f233873e","FullyQualifiedName":"ParanaBank.Tests.Controller.ClientControllerTest.PostShouldBeSucess","DisplayName":"ParanaBank.Tests.Controller.ClientControllerTest.PostShouldBeSucess","ExecutorUri":"executor://xunit/VsTestRunner2/netcoreapp","Source":"D:\\project\\Git\\ParanaBank\\ParanaBank.Tests\\bin\\Debug\\net6.0\\fine-code-coverage\\build-output\\ParanaBank.Tests.dll","CodeFilePath":null,"LineNumber":0,"Properties":[]},"Attachments":[],"Outcome":1,"ErrorMessage":null,"ErrorStackTrace":null,"DisplayName":"ParanaBank.Tests.Controller.ClientControllerTest.PostShouldBeSucess","Messages":[],"ComputerName":"DESKTOP-PE4J4C6","Duration":"00:00:00.0013534","StartTime":"2023-03-08T06:59:35.8983446+00:00","EndTime":"2023-03-08T06:59:35.8983447+00:00","Properties":[]},{"TestCase":{"Id":"5182d264-95dc-975e-fc41-7ea914930cfb","FullyQualifiedName":"ParanaBank.Tests.Aplication.DeleteCommandHandleTest.HandleShouldBeOk","DisplayName":"ParanaBank.Tests.Aplication.DeleteCommandHandleTest.HandleShouldBeOk","ExecutorUri":"executor://xunit/VsTestRunner2/netcoreapp","Source":"D:\\project\\Git\\ParanaBank\\ParanaBank.Tests\\bin\\Debug\\net6.0\\fine-code-coverage\\build-output\\ParanaBank.Tests.dll","CodeFilePath":null,"LineNumber":0,"Properties":[]},"Attachments":[],"Outcome":1,"ErrorMessage":null,"ErrorStackTrace":null,"DisplayName":"ParanaBank.Tests.Aplication.DeleteCommandHandleTest.HandleShouldBeOk","Messages":[],"ComputerName":"DESKTOP-PE4J4C6","Duration":"00:00:00.0017307","StartTime":"2023-03-08T06:59:35.900723+00:00","EndTime":"2023-03-08T06:59:35.9007231+00:00","Properties":[]},{"TestCase":{"Id":"c23632eb-48a0-fecf-698d-60fb3571009a","FullyQualifiedName":"ParanaBank.Tests.Aplication.CreateCommandHandleTest.HandleShouldBeCreated","DisplayName":"ParanaBank.Tests.Aplication.CreateCommandHandleTest.HandleShouldBeCreated","ExecutorUri":"executor://xunit/VsTestRunner2/netcoreapp","Source":"D:\\project\\Git\\ParanaBank\\ParanaBank.Tests\\bin\\Debug\\net6.0\\fine-code-coverage\\build-output\\ParanaBank.Tests.dll","CodeFilePath":null,"LineNumber":0,"Properties":[]},"Attachments":[],"Outcome":1,"ErrorMessage":null,"ErrorStackTrace":null,"DisplayName":"ParanaBank.Tests.Aplication.CreateCommandHandleTest.HandleShouldBeCreated","Messages":[],"ComputerName":"DESKTOP-PE4J4C6","Duration":"00:00:00.0019456","StartTime":"2023-03-08T06:59:35.9024395+00:00","EndTime":"2023-03-08T06:59:35.9024395+00:00","Properties":[]},{"TestCase":{"Id":"a0e4e3fb-eb4c-b969-2b70-9101ee4bf7c5","FullyQualifiedName":"ParanaBank.Tests.Controller.ClientControllerTest.UpdateShouldNotBeSucess","DisplayName":"ParanaBank.Tests.Controller.ClientControllerTest.UpdateShouldNotBeSucess","ExecutorUri":"executor://xunit/VsTestRunner2/netcoreapp","Source":"D:\\project\\Git\\ParanaBank\\ParanaBank.Tests\\bin\\Debug\\net6.0\\fine-code-coverage\\build-output\\ParanaBank.Tests.dll","CodeFilePath":null,"LineNumber":0,"Properties":[]},"Attachments":[],"Outcome":1,"ErrorMessage":null,"ErrorStackTrace":null,"DisplayName":"ParanaBank.Tests.Controller.ClientControllerTest.UpdateShouldNotBeSucess","Messages":[],"ComputerName":"DESKTOP-PE4J4C6","Duration":"00:00:00.0012773","StartTime":"2023-03-08T06:59:35.9042741+00:00","EndTime":"2023-03-08T06:59:35.9042741+00:00","Properties":[]}],"TestRunStatistics":{"ExecutedTests":7,"Stats":{"Passed":7}},"ActiveTests":[{"Id":"449b7e56-058e-8532-767c-e5ff23f06de6","FullyQualifiedName":"ParanaBank.Tests.Aplication.DeleteCommandHandleTest.HandleShouldBeNotFound","DisplayName":"ParanaBank.Tests.Aplication.DeleteCommandHandleTest.HandleShouldBeNotFound","ExecutorUri":"executor://xunit/VsTestRunner2/netcoreapp","Source":"D:\\project\\Git\\ParanaBank\\ParanaBank.Tests\\bin\\Debug\\net6.0\\fine-code-coverage\\build-output\\ParanaBank.Tests.dll","CodeFilePath":null,"LineNumber":0,"Properties":[]},{"Id":"1c25867e-d8b6-d9e3-18de-fdde3f7fddcf","FullyQualifiedName":"ParanaBank.Tests.Aplication.CreateCommandHandleTest.HandleShouldBeOk","DisplayName":"ParanaBank.Tests.Aplication.CreateCommandHandleTest.HandleShouldBeOk","ExecutorUri":"executor://xunit/VsTestRunner2/netcoreapp","Source":"D:\\project\\Git\\ParanaBank\\ParanaBank.Tests\\bin\\Debug\\net6.0\\fine-code-coverage\\build-output\\ParanaBank.Tests.dll","CodeFilePath":null,"LineNumber":0,"Properties":[]},{"Id":"f643a285-77e8-fe83-5df2-5cfca890f668","FullyQualifiedName":"ParanaBank.Tests.Controller.ClientControllerTest.DeleteShouldBeSucess","DisplayName":"ParanaBank.Tests.Controller.ClientControllerTest.DeleteShouldBeSucess","ExecutorUri":"executor://xunit/VsTestRunner2/netcoreapp","Source":"D:\\project\\Git\\ParanaBank\\ParanaBank.Tests\\bin\\Debug\\net6.0\\fine-code-coverage\\build-output\\ParanaBank.Tests.dll","CodeFilePath":null,"LineNumber":0,"Properties":[]}]}}
TpTrace Verbose: 0 : 2244, 13, 2023/03/08, 03:59:35.943, 1930816475705, vstest.console.dll, TestRunRequest:SendTestRunStatsChange: Starting.
TpTrace Verbose: 0 : 2244, 13, 2023/03/08, 03:59:35.943, 1930816476977, vstest.console.dll, InProgress is ParanaBank.Tests.Aplication.DeleteCommandHandleTest.HandleShouldBeNotFound
TpTrace Verbose: 0 : 2244, 13, 2023/03/08, 03:59:35.944, 1930816477198, vstest.console.dll, InProgress is ParanaBank.Tests.Aplication.CreateCommandHandleTest.HandleShouldBeOk
TpTrace Verbose: 0 : 2244, 13, 2023/03/08, 03:59:35.944, 1930816477408, vstest.console.dll, InProgress is ParanaBank.Tests.Controller.ClientControllerTest.DeleteShouldBeSucess
TpTrace Verbose: 0 : 2244, 13, 2023/03/08, 03:59:35.944, 1930816479462, vstest.console.dll, MulticastDelegateUtilities.SafeInvoke: TestRun.RunStatsChanged: Invoking callbacks was skipped because there are no subscribers.
TpTrace Information: 0 : 2244, 13, 2023/03/08, 03:59:35.944, 1930816479740, vstest.console.dll, TestRunRequest:SendTestRunStatsChange: Completed.
TpTrace Verbose: 0 : 2244, 13, 2023/03/08, 03:59:35.944, 1930816479917, vstest.console.dll, MulticastDelegateUtilities.SafeInvoke: LengthPrefixCommunicationChannel: MessageReceived: Invoking callback 1/1 for Microsoft.VisualStudio.TestPlatform.CommunicationUtilities.TestRequestSender+<>c__DisplayClass34_0., took 16 ms.
TpTrace Verbose: 0 : 2244, 13, 2023/03/08, 03:59:35.944, 1930816480166, vstest.console.dll, TcpClientExtensions.MessageLoopAsync: Polling on remoteEndPoint: 127.0.0.1:54019 localEndPoint: 127.0.0.1:54018
TpTrace Verbose: 0 : 2244, 13, 2023/03/08, 03:59:35.944, 1930816480467, vstest.console.dll, TcpClientExtensions.MessageLoopAsync: NotifyDataAvailable remoteEndPoint: 127.0.0.1:54019 localEndPoint: 127.0.0.1:54018
TpTrace Verbose: 0 : 2244, 13, 2023/03/08, 03:59:35.944, 1930816480838, vstest.console.dll, TestRequestSender.OnExecutionMessageReceived: Received message: {"Version":7,"MessageType":"TestSession.Message","Payload":{"MessageLevel":0,"Message":"[xUnit.net 00:00:00.79]   Finished:    ParanaBank.Tests"}}
TpTrace Verbose: 0 : 2244, 13, 2023/03/08, 03:59:35.944, 1930816481361, vstest.console.dll, TestRunRequest:SendTestRunMessage: Starting.
TpTrace Verbose: 0 : 2244, 13, 2023/03/08, 03:59:35.944, 1930816481614, vstest.console.dll, MulticastDelegateUtilities.SafeInvoke: TestRun.LogMessages: Invoking callback 1/1 for Microsoft.VisualStudio.TestPlatform.CommandLine.TestRunResultAggregator., took 0 ms.
TpTrace Information: 0 : 2244, 13, 2023/03/08, 03:59:35.944, 1930816481773, vstest.console.dll, TestRunRequest:SendTestRunMessage: Completed.
TpTrace Verbose: 0 : 2244, 13, 2023/03/08, 03:59:35.944, 1930816481924, vstest.console.dll, MulticastDelegateUtilities.SafeInvoke: LengthPrefixCommunicationChannel: MessageReceived: Invoking callback 1/1 for Microsoft.VisualStudio.TestPlatform.CommunicationUtilities.TestRequestSender+<>c__DisplayClass34_0., took 0 ms.
TpTrace Verbose: 0 : 2244, 13, 2023/03/08, 03:59:35.944, 1930816482110, vstest.console.dll, TcpClientExtensions.MessageLoopAsync: Polling on remoteEndPoint: 127.0.0.1:54019 localEndPoint: 127.0.0.1:54018
TpTrace Verbose: 0 : 2244, 4, 2023/03/08, 03:59:35.946, 1930816501392, vstest.console.dll, MulticastDelegateUtilities.SafeInvoke: InternalTestLoggerEvents.SendTestResult: Invoking callback 1/1 for Microsoft.VisualStudio.TestPlatform.CommandLine.Internal.ConsoleLogger., took 2 ms.
TpTrace Verbose: 0 : 2244, 4, 2023/03/08, 03:59:35.946, 1930816503045, vstest.console.dll, MulticastDelegateUtilities.SafeInvoke: InternalTestLoggerEvents.SendTestResult: Invoking callback 1/1 for Microsoft.VisualStudio.TestPlatform.CommandLine.Internal.ConsoleLogger., took 0 ms.
TpTrace Verbose: 0 : 2244, 4, 2023/03/08, 03:59:35.946, 1930816503439, vstest.console.dll, MulticastDelegateUtilities.SafeInvoke: InternalTestLoggerEvents.SendTestResult: Invoking callback 1/1 for Microsoft.VisualStudio.TestPlatform.CommandLine.Internal.ConsoleLogger., took 0 ms.
TpTrace Verbose: 0 : 2244, 4, 2023/03/08, 03:59:35.946, 1930816503705, vstest.console.dll, MulticastDelegateUtilities.SafeInvoke: InternalTestLoggerEvents.SendTestResult: Invoking callback 1/1 for Microsoft.VisualStudio.TestPlatform.CommandLine.Internal.ConsoleLogger., took 0 ms.
TpTrace Verbose: 0 : 2244, 4, 2023/03/08, 03:59:35.946, 1930816503926, vstest.console.dll, MulticastDelegateUtilities.SafeInvoke: InternalTestLoggerEvents.SendTestResult: Invoking callback 1/1 for Microsoft.VisualStudio.TestPlatform.CommandLine.Internal.ConsoleLogger., took 0 ms.
TpTrace Verbose: 0 : 2244, 4, 2023/03/08, 03:59:35.946, 1930816504163, vstest.console.dll, MulticastDelegateUtilities.SafeInvoke: InternalTestLoggerEvents.SendTestResult: Invoking callback 1/1 for Microsoft.VisualStudio.TestPlatform.CommandLine.Internal.ConsoleLogger., took 0 ms.
TpTrace Verbose: 0 : 2244, 4, 2023/03/08, 03:59:35.946, 1930816504424, vstest.console.dll, MulticastDelegateUtilities.SafeInvoke: InternalTestLoggerEvents.SendTestResult: Invoking callback 1/1 for Microsoft.VisualStudio.TestPlatform.CommandLine.Internal.ConsoleLogger., took 0 ms.
TpTrace Verbose: 0 : 2244, 4, 2023/03/08, 03:59:35.946, 1930816504627, vstest.console.dll, MulticastDelegateUtilities.SafeInvoke: InternalTestLoggerEvents.SendTestRunMessage: Invoking callback 1/1 for Microsoft.VisualStudio.TestPlatform.CommandLine.Internal.ConsoleLogger., took 0 ms.
TpTrace Verbose: 0 : 2244, 13, 2023/03/08, 03:59:35.952, 1930816560481, vstest.console.dll, TcpClientExtensions.MessageLoopAsync: NotifyDataAvailable remoteEndPoint: 127.0.0.1:54019 localEndPoint: 127.0.0.1:54018
TpTrace Verbose: 0 : 2244, 13, 2023/03/08, 03:59:35.952, 1930816562784, vstest.console.dll, TestRequestSender.OnExecutionMessageReceived: Received message: {"Version":7,"MessageType":"TestExecution.Completed","Payload":{"TestRunCompleteArgs":{"TestRunStatistics":{"ExecutedTests":14,"Stats":{"Passed":14}},"IsCanceled":false,"IsAborted":false,"Error":null,"AttachmentSets":[],"InvokedDataCollectors":[],"ElapsedTimeInRunningTests":"00:00:00.8007337","Metrics":{},"DiscoveredExtensions":{"TestDiscoverers":["Xunit.Runner.VisualStudio.VsTestRunner, xunit.runner.visualstudio.dotnetcore.testadapter, Version=2.4.0.0, Culture=neutral, PublicKeyToken=8d05b1bb7a6fdb6c"],"TestExecutors":["executor://xunit/VsTestRunner2/netcoreapp"],"TestExecutors2":[],"TestSettingsProviders":[]}},"LastRunTests":{"NewTestResults":[{"TestCase":{"Id":"449b7e56-058e-8532-767c-e5ff23f06de6","FullyQualifiedName":"ParanaBank.Tests.Aplication.DeleteCommandHandleTest.HandleShouldBeNotFound","DisplayName":"ParanaBank.Tests.Aplication.DeleteCommandHandleTest.HandleShouldBeNotFound","ExecutorUri":"executor://xunit/VsTestRunner2/netcoreapp","Source":"D:\\project\\Git\\ParanaBank\\ParanaBank.Tests\\bin\\Debug\\net6.0\\fine-code-coverage\\build-output\\ParanaBank.Tests.dll","CodeFilePath":null,"LineNumber":0,"Properties":[]},"Attachments":[],"Outcome":1,"ErrorMessage":null,"ErrorStackTrace":null,"DisplayName":"ParanaBank.Tests.Aplication.DeleteCommandHandleTest.HandleShouldBeNotFound","Messages":[],"ComputerName":"DESKTOP-PE4J4C6","Duration":"00:00:00.0011263","StartTime":"2023-03-08T06:59:35.9289585+00:00","EndTime":"2023-03-08T06:59:35.9289585+00:00","Properties":[]},{"TestCase":{"Id":"1c25867e-d8b6-d9e3-18de-fdde3f7fddcf","FullyQualifiedName":"ParanaBank.Tests.Aplication.CreateCommandHandleTest.HandleShouldBeOk","DisplayName":"ParanaBank.Tests.Aplication.CreateCommandHandleTest.HandleShouldBeOk","ExecutorUri":"executor://xunit/VsTestRunner2/netcoreapp","Source":"D:\\project\\Git\\ParanaBank\\ParanaBank.Tests\\bin\\Debug\\net6.0\\fine-code-coverage\\build-output\\ParanaBank.Tests.dll","CodeFilePath":null,"LineNumber":0,"Properties":[]},"Attachments":[],"Outcome":1,"ErrorMessage":null,"ErrorStackTrace":null,"DisplayName":"ParanaBank.Tests.Aplication.CreateCommandHandleTest.HandleShouldBeOk","Messages":[],"ComputerName":"DESKTOP-PE4J4C6","Duration":"00:00:00.0014637","StartTime":"2023-03-08T06:59:35.9299592+00:00","EndTime":"2023-03-08T06:59:35.9299593+00:00","Properties":[]},{"TestCase":{"Id":"f643a285-77e8-fe83-5df2-5cfca890f668","FullyQualifiedName":"ParanaBank.Tests.Controller.ClientControllerTest.DeleteShouldBeSucess","DisplayName":"ParanaBank.Tests.Controller.ClientControllerTest.DeleteShouldBeSucess","ExecutorUri":"executor://xunit/VsTestRunner2/netcoreapp","Source":"D:\\project\\Git\\ParanaBank\\ParanaBank.Tests\\bin\\Debug\\net6.0\\fine-code-coverage\\build-output\\ParanaBank.Tests.dll","CodeFilePath":null,"LineNumber":0,"Properties":[]},"Attachments":[],"Outcome":1,"ErrorMessage":null,"ErrorStackTrace":null,"DisplayName":"ParanaBank.Tests.Controller.ClientControllerTest.DeleteShouldBeSucess","Messages":[],"ComputerName":"DESKTOP-PE4J4C6","Duration":"00:00:00.0007669","StartTime":"2023-03-08T06:59:35.9309634+00:00","EndTime":"2023-03-08T06:59:35.9309636+00:00","Properties":[]},{"TestCase":{"Id":"463cb2c1-0bb4-51d0-7de6-3b2d9d762aec","FullyQualifiedName":"ParanaBank.Tests.Controller.ClientControllerTest.PostShouldNotBeSucess","DisplayName":"ParanaBank.Tests.Controller.ClientControllerTest.PostShouldNotBeSucess","ExecutorUri":"executor://xunit/VsTestRunner2/netcoreapp","Source":"D:\\project\\Git\\ParanaBank\\ParanaBank.Tests\\bin\\Debug\\net6.0\\fine-code-coverage\\build-output\\ParanaBank.Tests.dll","CodeFilePath":null,"LineNumber":0,"Properties":[]},"Attachments":[],"Outcome":1,"ErrorMessage":null,"ErrorStackTrace":null,"DisplayName":"ParanaBank.Tests.Controller.ClientControllerTest.PostShouldNotBeSucess","Messages":[],"ComputerName":"DESKTOP-PE4J4C6","Duration":"00:00:00.0010135","StartTime":"2023-03-08T06:59:35.9330816+00:00","EndTime":"2023-03-08T06:59:35.9330817+00:00","Properties":[]},{"TestCase":{"Id":"ea49bad5-5439-caf5-f6cb-61d59377d54e","FullyQualifiedName":"ParanaBank.Tests.Controller.ClientControllerTest.GetAllClientesShouldBeSucess","DisplayName":"ParanaBank.Tests.Controller.ClientControllerTest.GetAllClientesShouldBeSucess","ExecutorUri":"executor://xunit/VsTestRunner2/netcoreapp","Source":"D:\\project\\Git\\ParanaBank\\ParanaBank.Tests\\bin\\Debug\\net6.0\\fine-code-coverage\\build-output\\ParanaBank.Tests.dll","CodeFilePath":null,"LineNumber":0,"Properties":[]},"Attachments":[],"Outcome":1,"ErrorMessage":null,"ErrorStackTrace":null,"DisplayName":"ParanaBank.Tests.Controller.ClientControllerTest.GetAllClientesShouldBeSucess","Messages":[],"ComputerName":"DESKTOP-PE4J4C6","Duration":"00:00:00.0032429","StartTime":"2023-03-08T06:59:35.9348478+00:00","EndTime":"2023-03-08T06:59:35.9348478+00:00","Properties":[]},{"TestCase":{"Id":"a7d49d44-ff04-bef5-0f64-52a0373c57f2","FullyQualifiedName":"ParanaBank.Tests.Controller.ClientControllerTest.UpdateShouldBeSucess","DisplayName":"ParanaBank.Tests.Controller.ClientControllerTest.UpdateShouldBeSucess","ExecutorUri":"executor://xunit/VsTestRunner2/netcoreapp","Source":"D:\\project\\Git\\ParanaBank\\ParanaBank.Tests\\bin\\Debug\\net6.0\\fine-code-coverage\\build-output\\ParanaBank.Tests.dll","CodeFilePath":null,"LineNumber":0,"Properties":[]},"Attachments":[],"Outcome":1,"ErrorMessage":null,"ErrorStackTrace":null,"DisplayName":"ParanaBank.Tests.Controller.ClientControllerTest.UpdateShouldBeSucess","Messages":[],"ComputerName":"DESKTOP-PE4J4C6","Duration":"00:00:00.0010954","StartTime":"2023-03-08T06:59:35.9362952+00:00","EndTime":"2023-03-08T06:59:35.9362952+00:00","Properties":[]},{"TestCase":{"Id":"65af14c6-789f-d3da-a35a-8122001f5399","FullyQualifiedName":"ParanaBank.Tests.Controller.ClientControllerTest.GetByEmailShouldBeSucess","DisplayName":"ParanaBank.Tests.Controller.ClientControllerTest.GetByEmailShouldBeSucess","ExecutorUri":"executor://xunit/VsTestRunner2/netcoreapp","Source":"D:\\project\\Git\\ParanaBank\\ParanaBank.Tests\\bin\\Debug\\net6.0\\fine-code-coverage\\build-output\\ParanaBank.Tests.dll","CodeFilePath":null,"LineNumber":0,"Properties":[]},"Attachments":[],"Outcome":1,"ErrorMessage":null,"ErrorStackTrace":null,"DisplayName":"ParanaBank.Tests.Controller.ClientControllerTest.GetByEmailShouldBeSucess","Messages":[],"ComputerName":"DESKTOP-PE4J4C6","Duration":"00:00:00.0012210","StartTime":"2023-03-08T06:59:35.937578+00:00","EndTime":"2023-03-08T06:59:35.9375781+00:00","Properties":[]}],"TestRunStatistics":{"ExecutedTests":14,"Stats":{"Passed":14}},"ActiveTests":[]},"RunAttachments":[],"ExecutorUris":["executor://xunit/VsTestRunner2/netcoreapp"]}}
TpTrace Verbose: 0 : 2244, 13, 2023/03/08, 03:59:35.952, 1930816564037, vstest.console.dll, TestRequestSender.EndSession: Sending end session.
TpTrace Verbose: 0 : 2244, 13, 2023/03/08, 03:59:35.952, 1930816565302, vstest.console.dll, ProxyOperationManager.Close: waiting for test host to exit for 100 ms
TpTrace Warning: 0 : 2244, 11, 2023/03/08, 03:59:35.973, 1930816771627, vstest.console.dll, TestHostManagerCallbacks.ErrorReceivedCallback Test host standard error line: 
TpTrace Verbose: 0 : 2244, 11, 2023/03/08, 03:59:35.987, 1930816907513, vstest.console.dll, TestHostProvider.ExitCallBack: Host exited starting callback.
TpTrace Information: 0 : 2244, 11, 2023/03/08, 03:59:35.987, 1930816909188, vstest.console.dll, TestHostManagerCallbacks.ExitCallBack: Testhost processId: 23060 exited with exitcode: 0 error: ''
TpTrace Verbose: 0 : 2244, 11, 2023/03/08, 03:59:35.987, 1930816909488, vstest.console.dll, DotnetTestHostManager.OnHostExited: invoking OnHostExited callback
TpTrace Verbose: 0 : 2244, 11, 2023/03/08, 03:59:35.987, 1930816909874, vstest.console.dll, CrossPlatEngine.TestHostManagerHostExited: calling on client process exit callback.
TpTrace Information: 0 : 2244, 11, 2023/03/08, 03:59:35.987, 1930816910230, vstest.console.dll, TestRequestSender.OnClientProcessExit: Test host process exited. Standard error: 
TpTrace Information: 0 : 2244, 11, 2023/03/08, 03:59:35.987, 1930816910463, vstest.console.dll, SocketServer.Stop: Stop server endPoint: 127.0.0.1:54018
TpTrace Information: 0 : 2244, 11, 2023/03/08, 03:59:35.987, 1930816910624, vstest.console.dll, SocketServer.Stop: Cancellation requested. Stopping message loop.
TpTrace Information: 0 : 2244, 13, 2023/03/08, 03:59:35.987, 1930816910755, vstest.console.dll, SocketServer.Stop: Stop server endPoint: 127.0.0.1:54018
TpTrace Information: 0 : 2244, 13, 2023/03/08, 03:59:35.987, 1930816911144, vstest.console.dll, SocketServer.Stop: Cancellation requested. Stopping message loop.
TpTrace Verbose: 0 : 2244, 11, 2023/03/08, 03:59:35.987, 1930816911114, vstest.console.dll, MulticastDelegateUtilities.SafeInvoke: HostProviderEvents.OnHostExited: Invoking callback 1/1 for Microsoft.VisualStudio.TestPlatform.CrossPlatEngine.Client.ProxyOperationManager., took 0 ms.
TpTrace Information: 0 : 2244, 13, 2023/03/08, 03:59:35.987, 1930816911403, vstest.console.dll, Closing the connection
TpTrace Verbose: 0 : 2244, 13, 2023/03/08, 03:59:35.987, 1930816913006, vstest.console.dll, ProxyDataCollectionManager.InvokeDataCollectionServiceAction: Starting.
TpTrace Information: 0 : 2244, 13, 2023/03/08, 03:59:35.987, 1930816913288, vstest.console.dll, ProxyDataCollectionManager.AfterTestRunEnd: Get attachment set and invoked data collectors processId: 39488 port: 54015
TpTrace Verbose: 0 : 2244, 13, 2023/03/08, 03:59:35.987, 1930816913614, vstest.console.dll, DataCollectionRequestSender.SendAfterTestRunStartAndGetResult: Send AfterTestRunEnd message with isCancelled: False
TpTrace Verbose: 0 : 2244, 13, 2023/03/08, 03:59:35.994, 1930816977399, vstest.console.dll, DataCollectionRequestSender.SendAfterTestRunStartAndGetResult: Received message: (DataCollection.AfterTestRunEndResult) -> {"MessageType":"DataCollection.AfterTestRunEndResult","Payload":{"AttachmentSets":[],"InvokedDataCollectors":[{"Uri":"datacollector://Microsoft/TestPlatform/Extensions/Blame/v1","FriendlyName":"Blame","AssemblyQualifiedName":"Microsoft.TestPlatform.Extensions.BlameDataCollector.BlameCollector, Microsoft.TestPlatform.Extensions.BlameDataCollector, Version=15.0.0.0, Culture=neutral, PublicKeyToken=b03f5f7f11d50a3a","FilePath":"C:\\Program Files\\dotnet\\sdk\\7.0.200\\Extensions\\Microsoft.TestPlatform.Extensions.BlameDataCollector.dll","HasAttachmentProcessor":false}],"Metrics":{}}}
TpTrace Warning: 0 : 2244, 9, 2023/03/08, 03:59:35.998, 1930817020412, vstest.console.dll, DataCollectionLauncher.ErrorReceivedCallback datacollector standard error line: 
TpTrace Information: 0 : 2244, 13, 2023/03/08, 03:59:35.999, 1930817028782, vstest.console.dll, ProxyDataCollectionManager.InvokeDataCollectionServiceAction: Completed.
TpTrace Information: 0 : 2244, 9, 2023/03/08, 03:59:36.003, 1930817071873, vstest.console.dll, DataCollectionLauncher.ExitCallBack: Data collector exited with exitcode: 0 error: ''
TpTrace Verbose: 0 : 2244, 13, 2023/03/08, 03:59:36.028, 1930817326584, vstest.console.dll, TestRunRequest:SendTestRunStatsChange: Starting.
TpTrace Verbose: 0 : 2244, 13, 2023/03/08, 03:59:36.029, 1930817327851, vstest.console.dll, MulticastDelegateUtilities.SafeInvoke: TestRun.RunStatsChanged: Invoking callbacks was skipped because there are no subscribers.
TpTrace Information: 0 : 2244, 13, 2023/03/08, 03:59:36.029, 1930817328058, vstest.console.dll, TestRunRequest:SendTestRunStatsChange: Completed.
TpTrace Verbose: 0 : 2244, 13, 2023/03/08, 03:59:36.029, 1930817331732, vstest.console.dll, ParallelProxyExecutionManager: HandlePartialRunComplete: Total completed clients = 1, Run complete = True, Run canceled: False.
TpTrace Verbose: 0 : 2244, 4, 2023/03/08, 03:59:36.029, 1930817336696, vstest.console.dll, MulticastDelegateUtilities.SafeInvoke: InternalTestLoggerEvents.SendTestResult: Invoking callback 1/1 for Microsoft.VisualStudio.TestPlatform.CommandLine.Internal.ConsoleLogger., took 0 ms.
TpTrace Verbose: 0 : 2244, 4, 2023/03/08, 03:59:36.030, 1930817337394, vstest.console.dll, MulticastDelegateUtilities.SafeInvoke: InternalTestLoggerEvents.SendTestResult: Invoking callback 1/1 for Microsoft.VisualStudio.TestPlatform.CommandLine.Internal.ConsoleLogger., took 0 ms.
TpTrace Verbose: 0 : 2244, 4, 2023/03/08, 03:59:36.030, 1930817337644, vstest.console.dll, MulticastDelegateUtilities.SafeInvoke: InternalTestLoggerEvents.SendTestResult: Invoking callback 1/1 for Microsoft.VisualStudio.TestPlatform.CommandLine.Internal.ConsoleLogger., took 0 ms.
TpTrace Verbose: 0 : 2244, 4, 2023/03/08, 03:59:36.030, 1930817337901, vstest.console.dll, MulticastDelegateUtilities.SafeInvoke: InternalTestLoggerEvents.SendTestResult: Invoking callback 1/1 for Microsoft.VisualStudio.TestPlatform.CommandLine.Internal.ConsoleLogger., took 0 ms.
TpTrace Verbose: 0 : 2244, 4, 2023/03/08, 03:59:36.030, 1930817338113, vstest.console.dll, MulticastDelegateUtilities.SafeInvoke: InternalTestLoggerEvents.SendTestResult: Invoking callback 1/1 for Microsoft.VisualStudio.TestPlatform.CommandLine.Internal.ConsoleLogger., took 0 ms.
TpTrace Verbose: 0 : 2244, 4, 2023/03/08, 03:59:36.030, 1930817338346, vstest.console.dll, MulticastDelegateUtilities.SafeInvoke: InternalTestLoggerEvents.SendTestResult: Invoking callback 1/1 for Microsoft.VisualStudio.TestPlatform.CommandLine.Internal.ConsoleLogger., took 0 ms.
TpTrace Verbose: 0 : 2244, 4, 2023/03/08, 03:59:36.030, 1930817338684, vstest.console.dll, MulticastDelegateUtilities.SafeInvoke: InternalTestLoggerEvents.SendTestResult: Invoking callback 1/1 for Microsoft.VisualStudio.TestPlatform.CommandLine.Internal.ConsoleLogger., took 0 ms.
TpTrace Verbose: 0 : 2244, 4, 2023/03/08, 03:59:36.038, 1930817418970, vstest.console.dll, MulticastDelegateUtilities.SafeInvoke: InternalTestLoggerEvents.SendTestRunComplete: Invoking callback 1/2 for Microsoft.TestPlatform.Extensions.BlameDataCollector.BlameLogger., took 0 ms.
TpTrace Verbose: 0 : 2244, 4, 2023/03/08, 03:59:36.042, 1930817458344, vstest.console.dll, MulticastDelegateUtilities.SafeInvoke: InternalTestLoggerEvents.SendTestRunComplete: Invoking callback 2/2 for Microsoft.VisualStudio.TestPlatform.CommandLine.Internal.ConsoleLogger., took 3 ms.
TpTrace Verbose: 0 : 2244, 13, 2023/03/08, 03:59:36.042, 1930817462486, vstest.console.dll, TestRunRequest:TestRunComplete: Starting. IsAborted:False IsCanceled:False.
TpTrace Verbose: 0 : 2244, 13, 2023/03/08, 03:59:36.043, 1930817472178, vstest.console.dll, TestLoggerManager.HandleTestRunComplete: Ignoring as the object is disposed.
TpTrace Verbose: 0 : 2244, 13, 2023/03/08, 03:59:36.043, 1930817473742, vstest.console.dll, MulticastDelegateUtilities.SafeInvoke: TestRun.TestRunComplete: Invoking callback 1/2 for Microsoft.VisualStudio.TestPlatform.CommandLine.TestRunResultAggregator., took 0 ms.
TpTrace Verbose: 0 : 2244, 13, 2023/03/08, 03:59:36.043, 1930817474789, vstest.console.dll, MulticastDelegateUtilities.SafeInvoke: TestRun.TestRunComplete: Invoking callback 2/2 for Microsoft.VisualStudio.TestPlatform.CommandLine.Processors.RunTestsArgumentExecutor+TestRunRequestEventsRegistrar., took 0 ms.
TpTrace Information: 0 : 2244, 13, 2023/03/08, 03:59:36.043, 1930817475514, vstest.console.dll, TestRunRequest:TestRunComplete: Completed.
TpTrace Verbose: 0 : 2244, 13, 2023/03/08, 03:59:36.043, 1930817475811, vstest.console.dll, TestRequestSender.SetOperationComplete: Setting operation complete.
TpTrace Verbose: 0 : 2244, 1, 2023/03/08, 03:59:36.043, 1930817475842, vstest.console.dll, TestRunRequest.Dispose: Starting.
TpTrace Information: 0 : 2244, 13, 2023/03/08, 03:59:36.043, 1930817475993, vstest.console.dll, SocketServer.Stop: Stop server endPoint: 127.0.0.1:54018
TpTrace Information: 0 : 2244, 13, 2023/03/08, 03:59:36.043, 1930817476549, vstest.console.dll, SocketServer.Stop: Cancellation requested. Stopping message loop.
TpTrace Information: 0 : 2244, 1, 2023/03/08, 03:59:36.043, 1930817476368, vstest.console.dll, TestRunRequest.Dispose: Completed.
TpTrace Verbose: 0 : 2244, 13, 2023/03/08, 03:59:36.043, 1930817476767, vstest.console.dll, MulticastDelegateUtilities.SafeInvoke: LengthPrefixCommunicationChannel: MessageReceived: Invoking callback 1/1 for Microsoft.VisualStudio.TestPlatform.CommunicationUtilities.TestRequestSender+<>c__DisplayClass34_0., took 91 ms.
TpTrace Information: 0 : 2244, 1, 2023/03/08, 03:59:36.044, 1930817477053, vstest.console.dll, TestRequestManager.RunTests: run tests completed.
TpTrace Information: 0 : 2244, 13, 2023/03/08, 03:59:36.044, 1930817477263, vstest.console.dll, SocketServer.PrivateStop: Stopping server endPoint: 127.0.0.1:54018 error: 
TpTrace Information: 0 : 2244, 1, 2023/03/08, 03:59:36.044, 1930817478038, vstest.console.dll, RunTestsArgumentProcessor:Execute: Test run is completed.
TpTrace Verbose: 0 : 2244, 1, 2023/03/08, 03:59:36.044, 1930817479608, vstest.console.dll, Executor.Execute: Exiting with exit code of 0
TpTrace Verbose: 0 : 2244, 13, 2023/03/08, 03:59:36.044, 1930817481516, vstest.console.dll, LengthPrefixCommunicationChannel.Dispose: Dispose reader and writer.
TpTrace Information: 0 : 2244, 13, 2023/03/08, 03:59:36.044, 1930817482113, vstest.console.dll, SocketServer.Stop: Raise disconnected event endPoint: 127.0.0.1:54018 error: 
TpTrace Verbose: 0 : 2244, 13, 2023/03/08, 03:59:36.044, 1930817482711, vstest.console.dll, TestRequestSender: OnTestRunAbort: Operation is already complete. Skip error message.
TpTrace Verbose: 0 : 2244, 13, 2023/03/08, 03:59:36.044, 1930817483168, vstest.console.dll, MulticastDelegateUtilities.SafeInvoke: SocketServer: ClientDisconnected: Invoking callback 1/1 for Microsoft.VisualStudio.TestPlatform.CommunicationUtilities.TestRequestSender., took 0 ms.
TpTrace Verbose: 0 : 2244, 13, 2023/03/08, 03:59:36.044, 1930817483579, vstest.console.dll, TcpClientExtensions.MessageLoopAsync: exiting MessageLoopAsync remoteEndPoint: 127.0.0.1:54019 localEndPoint: 127.0.0.1:54018
